{"/home/travis/build/npmtest/node-npmtest-multiparty/test.js":{"path":"/home/travis/build/npmtest/node-npmtest-multiparty/test.js","s":{"1":2,"2":2,"3":2,"4":2,"5":2,"6":2,"7":2,"8":1,"9":2,"10":2,"11":1,"12":1,"13":1,"14":1,"15":2,"16":2,"17":2,"18":2,"19":1,"20":1,"21":2,"22":2,"23":2,"24":1,"25":1,"26":1,"27":1,"28":1,"29":1,"30":1,"31":1,"32":1,"33":1,"34":1,"35":1,"36":1,"37":1,"38":1,"39":2,"40":2,"41":1,"42":2,"43":2,"44":1,"45":2,"46":2,"47":1,"48":2,"49":2,"50":1,"51":1,"52":1,"53":1,"54":1},"b":{"1":[2,1,1,1],"2":[1,1,1,1],"3":[1,1],"4":[1,1],"5":[1,1],"6":[1,1],"7":[1,1],"8":[1,1],"9":[1,1],"10":[1,1,1],"11":[1,1],"12":[1,1],"13":[1,1],"14":[1,1],"15":[1,1],"16":[1,1],"17":[1,1]},"f":{"1":2,"2":2,"3":2,"4":2,"5":2,"6":1,"7":1,"8":1,"9":2,"10":2,"11":2,"12":2,"13":1},"fnMap":{"1":{"name":"(anonymous_1)","line":12,"loc":{"start":{"line":12,"column":1},"end":{"line":12,"column":13}}},"2":{"name":"(anonymous_2)","line":19,"loc":{"start":{"line":19,"column":5},"end":{"line":19,"column":17}}},"3":{"name":"(anonymous_3)","line":23,"loc":{"start":{"line":23,"column":24},"end":{"line":23,"column":36}}},"4":{"name":"(anonymous_4)","line":61,"loc":{"start":{"line":61,"column":5},"end":{"line":61,"column":17}}},"5":{"name":"(anonymous_5)","line":82,"loc":{"start":{"line":82,"column":5},"end":{"line":82,"column":17}}},"6":{"name":"(anonymous_6)","line":91,"loc":{"start":{"line":91,"column":77},"end":{"line":94,"column":10}}},"7":{"name":"(anonymous_7)","line":112,"loc":{"start":{"line":112,"column":83},"end":{"line":115,"column":10}},"skip":true},"8":{"name":"(anonymous_8)","line":123,"loc":{"start":{"line":123,"column":77},"end":{"line":126,"column":10}},"skip":true},"9":{"name":"(anonymous_9)","line":139,"loc":{"start":{"line":139,"column":12},"end":{"line":139,"column":40}},"skip":true},"10":{"name":"(anonymous_10)","line":147,"loc":{"start":{"line":147,"column":77},"end":{"line":150,"column":10}},"skip":true},"11":{"name":"(anonymous_11)","line":158,"loc":{"start":{"line":158,"column":83},"end":{"line":161,"column":10}},"skip":true},"12":{"name":"(anonymous_12)","line":169,"loc":{"start":{"line":169,"column":79},"end":{"line":172,"column":10}},"skip":true},"13":{"name":"(anonymous_13)","line":180,"loc":{"start":{"line":180,"column":75},"end":{"line":183,"column":10}},"skip":true}},"statementMap":{"1":{"start":{"line":12,"column":0},"end":{"line":195,"column":5}},"2":{"start":{"line":14,"column":4},"end":{"line":14,"column":14}},"3":{"start":{"line":19,"column":4},"end":{"line":56,"column":9}},"4":{"start":{"line":21,"column":8},"end":{"line":21,"column":19}},"5":{"start":{"line":23,"column":8},"end":{"line":35,"column":13}},"6":{"start":{"line":24,"column":12},"end":{"line":34,"column":13}},"7":{"start":{"line":25,"column":16},"end":{"line":28,"column":30}},"8":{"start":{"line":30,"column":16},"end":{"line":33,"column":27}},"9":{"start":{"line":37,"column":8},"end":{"line":39,"column":21}},"10":{"start":{"line":40,"column":8},"end":{"line":53,"column":9}},"11":{"start":{"line":43,"column":12},"end":{"line":46,"column":14}},"12":{"start":{"line":47,"column":12},"end":{"line":47,"column":18}},"13":{"start":{"line":50,"column":12},"end":{"line":51,"column":46}},"14":{"start":{"line":52,"column":12},"end":{"line":52,"column":18}},"15":{"start":{"line":55,"column":8},"end":{"line":55,"column":35}},"16":{"start":{"line":61,"column":4},"end":{"line":63,"column":9}},"17":{"start":{"line":62,"column":8},"end":{"line":62,"column":15}},"18":{"start":{"line":64,"column":4},"end":{"line":77,"column":5}},"19":{"start":{"line":70,"column":8},"end":{"line":70,"column":14}},"20":{"start":{"line":76,"column":8},"end":{"line":76,"column":14}},"21":{"start":{"line":82,"column":4},"end":{"line":84,"column":9}},"22":{"start":{"line":83,"column":8},"end":{"line":83,"column":15}},"23":{"start":{"line":85,"column":4},"end":{"line":194,"column":5}},"24":{"start":{"line":91,"column":8},"end":{"line":99,"column":10}},"25":{"start":{"line":98,"column":12},"end":{"line":98,"column":35}},"26":{"start":{"line":102,"column":8},"end":{"line":104,"column":63}},"27":{"start":{"line":105,"column":8},"end":{"line":105,"column":14}},"28":{"start":{"line":112,"column":8},"end":{"line":121,"column":10},"skip":true},"29":{"start":{"line":119,"column":12},"end":{"line":119,"column":55},"skip":true},"30":{"start":{"line":120,"column":12},"end":{"line":120,"column":48},"skip":true},"31":{"start":{"line":123,"column":8},"end":{"line":136,"column":10},"skip":true},"32":{"start":{"line":130,"column":12},"end":{"line":130,"column":76},"skip":true},"33":{"start":{"line":131,"column":12},"end":{"line":131,"column":73},"skip":true},"34":{"start":{"line":132,"column":12},"end":{"line":132,"column":74},"skip":true},"35":{"start":{"line":133,"column":12},"end":{"line":133,"column":79},"skip":true},"36":{"start":{"line":134,"column":12},"end":{"line":134,"column":25},"skip":true},"37":{"start":{"line":135,"column":12},"end":{"line":135,"column":45},"skip":true},"38":{"start":{"line":138,"column":8},"end":{"line":145,"column":14},"skip":true},"39":{"start":{"line":143,"column":16},"end":{"line":143,"column":29},"skip":true},"40":{"start":{"line":144,"column":16},"end":{"line":144,"column":55},"skip":true},"41":{"start":{"line":147,"column":8},"end":{"line":156,"column":10},"skip":true},"42":{"start":{"line":154,"column":12},"end":{"line":154,"column":25},"skip":true},"43":{"start":{"line":155,"column":12},"end":{"line":155,"column":45},"skip":true},"44":{"start":{"line":158,"column":8},"end":{"line":167,"column":10},"skip":true},"45":{"start":{"line":165,"column":12},"end":{"line":165,"column":25},"skip":true},"46":{"start":{"line":166,"column":12},"end":{"line":166,"column":48},"skip":true},"47":{"start":{"line":169,"column":8},"end":{"line":178,"column":10},"skip":true},"48":{"start":{"line":176,"column":12},"end":{"line":176,"column":25},"skip":true},"49":{"start":{"line":177,"column":12},"end":{"line":177,"column":46},"skip":true},"50":{"start":{"line":180,"column":8},"end":{"line":189,"column":10},"skip":true},"51":{"start":{"line":187,"column":12},"end":{"line":187,"column":94},"skip":true},"52":{"start":{"line":188,"column":12},"end":{"line":188,"column":48},"skip":true},"53":{"start":{"line":192,"column":8},"end":{"line":192,"column":35},"skip":true},"54":{"start":{"line":193,"column":8},"end":{"line":193,"column":14},"skip":true}},"branchMap":{"1":{"line":25,"type":"binary-expr","locations":[{"start":{"line":25,"column":23},"end":{"line":25,"column":62}},{"start":{"line":26,"column":20},"end":{"line":26,"column":70}},{"start":{"line":27,"column":20},"end":{"line":27,"column":71}},{"start":{"line":28,"column":20},"end":{"line":28,"column":29}}]},"2":{"line":30,"type":"binary-expr","locations":[{"start":{"line":30,"column":23},"end":{"line":30,"column":37}},{"start":{"line":31,"column":20},"end":{"line":31,"column":61}},{"start":{"line":32,"column":20},"end":{"line":32,"column":70}},{"start":{"line":33,"column":20},"end":{"line":33,"column":26}}]},"3":{"line":37,"type":"cond-expr","locations":[{"start":{"line":38,"column":14},"end":{"line":38,"column":20}},{"start":{"line":39,"column":14},"end":{"line":39,"column":20}}]},"4":{"line":40,"type":"switch","locations":[{"start":{"line":42,"column":8},"end":{"line":47,"column":18}},{"start":{"line":49,"column":8},"end":{"line":52,"column":18}}]},"5":{"line":44,"type":"binary-expr","locations":[{"start":{"line":44,"column":16},"end":{"line":44,"column":44}},{"start":{"line":44,"column":48},"end":{"line":44,"column":66}}]},"6":{"line":50,"type":"binary-expr","locations":[{"start":{"line":50,"column":21},"end":{"line":50,"column":49}},{"start":{"line":50,"column":53},"end":{"line":50,"column":72}}]},"7":{"line":64,"type":"switch","locations":[{"start":{"line":69,"column":4},"end":{"line":70,"column":14}},{"start":{"line":75,"column":4},"end":{"line":76,"column":14}}]},"8":{"line":85,"type":"switch","locations":[{"start":{"line":90,"column":4},"end":{"line":105,"column":14}},{"start":{"line":111,"column":4},"end":{"line":193,"column":14},"skip":true}]},"9":{"line":91,"type":"binary-expr","locations":[{"start":{"line":91,"column":42},"end":{"line":91,"column":73}},{"start":{"line":91,"column":77},"end":{"line":99,"column":9}}]},"10":{"line":102,"type":"binary-expr","locations":[{"start":{"line":102,"column":18},"end":{"line":102,"column":32}},{"start":{"line":103,"column":12},"end":{"line":103,"column":53}},{"start":{"line":104,"column":12},"end":{"line":104,"column":61}}]},"11":{"line":112,"type":"binary-expr","locations":[{"start":{"line":112,"column":45},"end":{"line":112,"column":79},"skip":true},{"start":{"line":112,"column":83},"end":{"line":121,"column":9},"skip":true}]},"12":{"line":123,"type":"binary-expr","locations":[{"start":{"line":123,"column":42},"end":{"line":123,"column":73},"skip":true},{"start":{"line":123,"column":77},"end":{"line":136,"column":9},"skip":true}]},"13":{"line":138,"type":"binary-expr","locations":[{"start":{"line":138,"column":48},"end":{"line":138,"column":85},"skip":true},{"start":{"line":139,"column":12},"end":{"line":145,"column":13},"skip":true}]},"14":{"line":147,"type":"binary-expr","locations":[{"start":{"line":147,"column":42},"end":{"line":147,"column":73},"skip":true},{"start":{"line":147,"column":77},"end":{"line":156,"column":9},"skip":true}]},"15":{"line":158,"type":"binary-expr","locations":[{"start":{"line":158,"column":45},"end":{"line":158,"column":79},"skip":true},{"start":{"line":158,"column":83},"end":{"line":167,"column":9},"skip":true}]},"16":{"line":169,"type":"binary-expr","locations":[{"start":{"line":169,"column":43},"end":{"line":169,"column":75},"skip":true},{"start":{"line":169,"column":79},"end":{"line":178,"column":9},"skip":true}]},"17":{"line":180,"type":"binary-expr","locations":[{"start":{"line":180,"column":41},"end":{"line":180,"column":71},"skip":true},{"start":{"line":180,"column":75},"end":{"line":189,"column":9},"skip":true}]}},"code":["/* istanbul instrument in package npmtest_multiparty */","/*jslint","    bitwise: true,","    browser: true,","    maxerr: 8,","    maxlen: 96,","    node: true,","    nomen: true,","    regexp: true,","    stupid: true","*/","(function () {","    'use strict';","    var local;","","","","    // run shared js-env code - pre-init","    (function () {","        // init local","        local = {};","        // init modeJs","        local.modeJs = (function () {","            try {","                return typeof navigator.userAgent === 'string' &&","                    typeof document.querySelector('body') === 'object' &&","                    typeof XMLHttpRequest.prototype.open === 'function' &&","                    'browser';","            } catch (errorCaughtBrowser) {","                return module.exports &&","                    typeof process.versions.node === 'string' &&","                    typeof require('http').createServer === 'function' &&","                    'node';","            }","        }());","        // init global","        local.global = local.modeJs === 'browser'","            ? window","            : global;","        switch (local.modeJs) {","        // re-init local from window.local","        case 'browser':","            local = local.global.utility2.objectSetDefault(","                local.global.utility2_rollup || local.global.local,","                local.global.utility2","            );","            break;","        // re-init local from example.js","        case 'node':","            local = (local.global.utility2_rollup || require('utility2'))","                .requireExampleJsFromReadme();","            break;","        }","        // export local","        local.global.local = local;","    }());","","","","    // run shared js-env code - function","    (function () {","        return;","    }());","    switch (local.modeJs) {","","","","    // run browser js-env code - function","    case 'browser':","        break;","","","","    // run node js-env code - function","    case 'node':","        break;","    }","","","","    // run shared js-env code - post-init","    (function () {","        return;","    }());","    switch (local.modeJs) {","","","","    // run browser js-env code - post-init","    case 'browser':","        local.testCase_browser_nullCase = local.testCase_browser_nullCase || function (","            options,","            onError","        ) {","        /*","         * this function will test browsers's null-case handling-behavior-behavior","         */","            onError(null, options);","        };","","        // run tests","        local.nop(local.modeTest &&","            document.querySelector('#testRunButton1') &&","            document.querySelector('#testRunButton1').click());","        break;","","","","    // run node js-env code - post-init","    /* istanbul ignore next */","    case 'node':","        local.testCase_buildApidoc_default = local.testCase_buildApidoc_default || function (","            options,","            onError","        ) {","        /*","         * this function will test buildApidoc's default handling-behavior-behavior","         */","            options = { modulePathList: module.paths };","            local.buildApidoc(options, onError);","        };","","        local.testCase_buildApp_default = local.testCase_buildApp_default || function (","            options,","            onError","        ) {","        /*","         * this function will test buildApp's default handling-behavior-behavior","         */","            local.testCase_buildReadme_default(options, local.onErrorThrow);","            local.testCase_buildLib_default(options, local.onErrorThrow);","            local.testCase_buildTest_default(options, local.onErrorThrow);","            local.testCase_buildCustomOrg_default(options, local.onErrorThrow);","            options = [];","            local.buildApp(options, onError);","        };","","        local.testCase_buildCustomOrg_default = local.testCase_buildCustomOrg_default ||","            function (options, onError) {","            /*","             * this function will test buildCustomOrg's default handling-behavior","             */","                options = {};","                local.buildCustomOrg(options, onError);","            };","","        local.testCase_buildLib_default = local.testCase_buildLib_default || function (","            options,","            onError","        ) {","        /*","         * this function will test buildLib's default handling-behavior","         */","            options = {};","            local.buildLib(options, onError);","        };","","        local.testCase_buildReadme_default = local.testCase_buildReadme_default || function (","            options,","            onError","        ) {","        /*","         * this function will test buildReadme's default handling-behavior-behavior","         */","            options = {};","            local.buildReadme(options, onError);","        };","","        local.testCase_buildTest_default = local.testCase_buildTest_default || function (","            options,","            onError","        ) {","        /*","         * this function will test buildTest's default handling-behavior","         */","            options = {};","            local.buildTest(options, onError);","        };","","        local.testCase_webpage_default = local.testCase_webpage_default || function (","            options,","            onError","        ) {","        /*","         * this function will test webpage's default handling-behavior","         */","            options = { modeCoverageMerge: true, url: local.serverLocalHost + '?modeTest=1' };","            local.browserTest(options, onError);","        };","","        // run test-server","        local.testRunServer(local);","        break;","    }","}());",""],"l":{"12":2,"14":2,"19":2,"21":2,"23":2,"24":2,"25":2,"30":1,"37":2,"40":2,"43":1,"47":1,"50":1,"52":1,"55":2,"61":2,"62":2,"64":2,"70":1,"76":1,"82":2,"83":2,"85":2,"91":1,"98":1,"102":1,"105":1,"112":1,"119":1,"120":1,"123":1,"130":1,"131":1,"132":1,"133":1,"134":1,"135":1,"138":1,"143":2,"144":2,"147":1,"154":2,"155":2,"158":1,"165":2,"166":2,"169":1,"176":2,"177":2,"180":1,"187":1,"188":1,"192":1,"193":1}},"/home/travis/build/npmtest/node-npmtest-multiparty/lib.npmtest_multiparty.js":{"path":"/home/travis/build/npmtest/node-npmtest-multiparty/lib.npmtest_multiparty.js","s":{"1":2,"2":2,"3":2,"4":2,"5":2,"6":2,"7":2,"8":1,"9":2,"10":2,"11":2,"12":2,"13":1,"14":1,"15":1,"16":1},"b":{"1":[2,1,1,1],"2":[1,1,1,1],"3":[1,1],"4":[2,2],"5":[1,1]},"f":{"1":2,"2":2,"3":2},"fnMap":{"1":{"name":"(anonymous_1)","line":12,"loc":{"start":{"line":12,"column":1},"end":{"line":12,"column":13}}},"2":{"name":"(anonymous_2)","line":19,"loc":{"start":{"line":19,"column":5},"end":{"line":19,"column":17}}},"3":{"name":"(anonymous_3)","line":23,"loc":{"start":{"line":23,"column":24},"end":{"line":23,"column":36}}}},"statementMap":{"1":{"start":{"line":12,"column":0},"end":{"line":53,"column":5}},"2":{"start":{"line":14,"column":4},"end":{"line":14,"column":14}},"3":{"start":{"line":19,"column":4},"end":{"line":52,"column":9}},"4":{"start":{"line":21,"column":8},"end":{"line":21,"column":19}},"5":{"start":{"line":23,"column":8},"end":{"line":35,"column":13}},"6":{"start":{"line":24,"column":12},"end":{"line":34,"column":13}},"7":{"start":{"line":25,"column":16},"end":{"line":28,"column":30}},"8":{"start":{"line":30,"column":16},"end":{"line":33,"column":27}},"9":{"start":{"line":37,"column":8},"end":{"line":39,"column":21}},"10":{"start":{"line":41,"column":8},"end":{"line":41,"column":54}},"11":{"start":{"line":43,"column":8},"end":{"line":43,"column":55}},"12":{"start":{"line":45,"column":8},"end":{"line":51,"column":9}},"13":{"start":{"line":46,"column":12},"end":{"line":46,"column":61}},"14":{"start":{"line":48,"column":12},"end":{"line":48,"column":35}},"15":{"start":{"line":49,"column":12},"end":{"line":49,"column":49}},"16":{"start":{"line":50,"column":12},"end":{"line":50,"column":43}}},"branchMap":{"1":{"line":25,"type":"binary-expr","locations":[{"start":{"line":25,"column":23},"end":{"line":25,"column":62}},{"start":{"line":26,"column":20},"end":{"line":26,"column":70}},{"start":{"line":27,"column":20},"end":{"line":27,"column":71}},{"start":{"line":28,"column":20},"end":{"line":28,"column":29}}]},"2":{"line":30,"type":"binary-expr","locations":[{"start":{"line":30,"column":23},"end":{"line":30,"column":37}},{"start":{"line":31,"column":20},"end":{"line":31,"column":61}},{"start":{"line":32,"column":20},"end":{"line":32,"column":70}},{"start":{"line":33,"column":20},"end":{"line":33,"column":26}}]},"3":{"line":37,"type":"cond-expr","locations":[{"start":{"line":38,"column":14},"end":{"line":38,"column":20}},{"start":{"line":39,"column":14},"end":{"line":39,"column":20}}]},"4":{"line":41,"type":"binary-expr","locations":[{"start":{"line":41,"column":16},"end":{"line":41,"column":44}},{"start":{"line":41,"column":48},"end":{"line":41,"column":53}}]},"5":{"line":45,"type":"if","locations":[{"start":{"line":45,"column":8},"end":{"line":45,"column":8}},{"start":{"line":45,"column":8},"end":{"line":45,"column":8}}]}},"code":["/* istanbul instrument in package npmtest_multiparty */","/*jslint","    bitwise: true,","    browser: true,","    maxerr: 8,","    maxlen: 96,","    node: true,","    nomen: true,","    regexp: true,","    stupid: true","*/","(function () {","    'use strict';","    var local;","","","","    // run shared js-env code - pre-init","    (function () {","        // init local","        local = {};","        // init modeJs","        local.modeJs = (function () {","            try {","                return typeof navigator.userAgent === 'string' &&","                    typeof document.querySelector('body') === 'object' &&","                    typeof XMLHttpRequest.prototype.open === 'function' &&","                    'browser';","            } catch (errorCaughtBrowser) {","                return module.exports &&","                    typeof process.versions.node === 'string' &&","                    typeof require('http').createServer === 'function' &&","                    'node';","            }","        }());","        // init global","        local.global = local.modeJs === 'browser'","            ? window","            : global;","        // init utility2_rollup","        local = local.global.utility2_rollup || local;","        // init lib","        local.local = local.npmtest_multiparty = local;","        // init exports","        if (local.modeJs === 'browser') {","            local.global.utility2_npmtest_multiparty = local;","        } else {","            module.exports = local;","            module.exports.__dirname = __dirname;","            module.exports.module = module;","        }","    }());","}());",""],"l":{"12":2,"14":2,"19":2,"21":2,"23":2,"24":2,"25":2,"30":1,"37":2,"41":2,"43":2,"45":2,"46":1,"48":1,"49":1,"50":1}},"/home/travis/build/npmtest/node-npmtest-multiparty/example.js":{"path":"/home/travis/build/npmtest/node-npmtest-multiparty/example.js","s":{"1":2,"2":2,"3":2,"4":2,"5":2,"6":2,"7":2,"8":1,"9":2,"10":2,"11":2,"12":2,"13":1,"14":2,"15":2,"16":2,"17":2,"18":2,"19":0,"20":2,"21":1,"22":1,"23":1,"24":1,"25":1,"26":0,"27":0,"28":1,"29":1,"30":2,"31":0,"32":0,"33":0,"34":1,"35":2,"36":2,"37":3,"38":3,"39":3,"40":3,"41":0,"42":3,"43":3,"44":3,"45":1,"46":3,"47":1,"48":1,"49":1,"50":1,"51":1,"52":1,"53":1,"54":1,"55":1,"56":1,"57":0,"58":1,"59":6,"60":6,"61":1,"62":2,"63":0,"64":2,"65":1,"66":1,"67":0,"68":0,"69":0,"70":0,"71":0,"72":0,"73":0,"74":0,"75":0,"76":0,"77":0,"78":0,"79":0,"80":0,"81":0,"82":0,"83":0},"b":{"1":[2,1,1,1],"2":[1,1,1,1],"3":[1,1],"4":[2,2],"5":[1,1],"6":[1,1],"7":[2,0],"8":[2,1,1,1,1,1],"9":[0,2,0],"10":[1,1],"11":[2,1,1],"12":[1,0],"13":[0,2],"14":[2,0,0,0,0,0,0],"15":[0,3],"16":[3,0],"17":[1,1],"18":[0,1],"19":[1,2,0,2],"20":[1,0],"21":[1,1],"22":[0,0],"23":[0,0],"24":[0,0],"25":[0,0],"26":[0,0],"27":[0,0],"28":[0,0]},"f":{"1":2,"2":2,"3":2,"4":2,"5":2,"6":2,"7":3,"8":3,"9":3,"10":1,"11":6,"12":0},"fnMap":{"1":{"name":"(anonymous_1)","line":26,"loc":{"start":{"line":26,"column":1},"end":{"line":26,"column":13}}},"2":{"name":"(anonymous_2)","line":33,"loc":{"start":{"line":33,"column":5},"end":{"line":33,"column":17}}},"3":{"name":"(anonymous_3)","line":37,"loc":{"start":{"line":37,"column":24},"end":{"line":37,"column":36}}},"4":{"name":"(anonymous_4)","line":69,"loc":{"start":{"line":69,"column":31},"end":{"line":69,"column":48}},"skip":true},"5":{"name":"(anonymous_5)","line":78,"loc":{"start":{"line":78,"column":26},"end":{"line":78,"column":45}},"skip":true},"6":{"name":"(anonymous_6)","line":123,"loc":{"start":{"line":123,"column":33},"end":{"line":123,"column":48}},"skip":true},"7":{"name":"(anonymous_7)","line":125,"loc":{"start":{"line":125,"column":27},"end":{"line":125,"column":39}},"skip":true},"8":{"name":"(anonymous_8)","line":133,"loc":{"start":{"line":133,"column":59},"end":{"line":133,"column":74}},"skip":true},"9":{"name":"(anonymous_9)","line":143,"loc":{"start":{"line":143,"column":45},"end":{"line":143,"column":62}},"skip":true},"10":{"name":"(anonymous_10)","line":144,"loc":{"start":{"line":144,"column":73},"end":{"line":144,"column":92}},"skip":true},"11":{"name":"(anonymous_11)","line":272,"loc":{"start":{"line":272,"column":51},"end":{"line":272,"column":77}},"skip":true},"12":{"name":"(anonymous_12)","line":315,"loc":{"start":{"line":315,"column":32},"end":{"line":315,"column":61}},"skip":true}},"statementMap":{"1":{"start":{"line":26,"column":0},"end":{"line":326,"column":5}},"2":{"start":{"line":28,"column":4},"end":{"line":28,"column":14}},"3":{"start":{"line":33,"column":4},"end":{"line":60,"column":9}},"4":{"start":{"line":35,"column":8},"end":{"line":35,"column":19}},"5":{"start":{"line":37,"column":8},"end":{"line":49,"column":13}},"6":{"start":{"line":38,"column":12},"end":{"line":48,"column":13}},"7":{"start":{"line":39,"column":16},"end":{"line":42,"column":30}},"8":{"start":{"line":44,"column":16},"end":{"line":47,"column":27}},"9":{"start":{"line":51,"column":8},"end":{"line":53,"column":21}},"10":{"start":{"line":55,"column":8},"end":{"line":57,"column":45}},"11":{"start":{"line":59,"column":8},"end":{"line":59,"column":35}},"12":{"start":{"line":61,"column":4},"end":{"line":325,"column":5}},"13":{"start":{"line":69,"column":8},"end":{"line":121,"column":10},"skip":true},"14":{"start":{"line":70,"column":12},"end":{"line":88,"column":13},"skip":true},"15":{"start":{"line":76,"column":16},"end":{"line":87,"column":19},"skip":true},"16":{"start":{"line":79,"column":20},"end":{"line":86,"column":21},"skip":true},"17":{"start":{"line":82,"column":24},"end":{"line":82,"column":43},"skip":true},"18":{"start":{"line":83,"column":24},"end":{"line":83,"column":30},"skip":true},"19":{"start":{"line":85,"column":24},"end":{"line":85,"column":49},"skip":true},"20":{"start":{"line":89,"column":12},"end":{"line":107,"column":13},"skip":true},"21":{"start":{"line":92,"column":16},"end":{"line":102,"column":17},"skip":true},"22":{"start":{"line":93,"column":20},"end":{"line":93,"column":86},"skip":true},"23":{"start":{"line":94,"column":20},"end":{"line":95,"column":45},"skip":true},"24":{"start":{"line":96,"column":20},"end":{"line":96,"column":42},"skip":true},"25":{"start":{"line":97,"column":20},"end":{"line":97,"column":48},"skip":true},"26":{"start":{"line":100,"column":20},"end":{"line":100,"column":85},"skip":true},"27":{"start":{"line":101,"column":20},"end":{"line":101,"column":96},"skip":true},"28":{"start":{"line":103,"column":16},"end":{"line":103,"column":22},"skip":true},"29":{"start":{"line":106,"column":16},"end":{"line":106,"column":22},"skip":true},"30":{"start":{"line":108,"column":12},"end":{"line":120,"column":13},"skip":true},"31":{"start":{"line":114,"column":16},"end":{"line":119,"column":17},"skip":true},"32":{"start":{"line":116,"column":20},"end":{"line":116,"column":78},"skip":true},"33":{"start":{"line":118,"column":20},"end":{"line":118,"column":47},"skip":true},"34":{"start":{"line":123,"column":8},"end":{"line":141,"column":11},"skip":true},"35":{"start":{"line":124,"column":12},"end":{"line":124,"column":54},"skip":true},"36":{"start":{"line":125,"column":12},"end":{"line":140,"column":14},"skip":true},"37":{"start":{"line":126,"column":16},"end":{"line":126,"column":28},"skip":true},"38":{"start":{"line":127,"column":16},"end":{"line":127,"column":69},"skip":true},"39":{"start":{"line":128,"column":16},"end":{"line":128,"column":75},"skip":true},"40":{"start":{"line":129,"column":16},"end":{"line":131,"column":17},"skip":true},"41":{"start":{"line":130,"column":20},"end":{"line":130,"column":27},"skip":true},"42":{"start":{"line":133,"column":16},"end":{"line":137,"column":36},"skip":true},"43":{"start":{"line":134,"column":20},"end":{"line":136,"column":55},"skip":true},"44":{"start":{"line":139,"column":16},"end":{"line":139,"column":57},"skip":true},"45":{"start":{"line":143,"column":8},"end":{"line":147,"column":11},"skip":true},"46":{"start":{"line":144,"column":12},"end":{"line":146,"column":15},"skip":true},"47":{"start":{"line":145,"column":16},"end":{"line":145,"column":70},"skip":true},"48":{"start":{"line":149,"column":8},"end":{"line":149,"column":31},"skip":true},"49":{"start":{"line":150,"column":8},"end":{"line":150,"column":14},"skip":true},"50":{"start":{"line":158,"column":8},"end":{"line":158,"column":31},"skip":true},"51":{"start":{"line":160,"column":8},"end":{"line":160,"column":33},"skip":true},"52":{"start":{"line":161,"column":8},"end":{"line":161,"column":37},"skip":true},"53":{"start":{"line":162,"column":8},"end":{"line":162,"column":35},"skip":true},"54":{"start":{"line":164,"column":8},"end":{"line":164,"column":50},"skip":true},"55":{"start":{"line":166,"column":8},"end":{"line":256,"column":2},"skip":true},"56":{"start":{"line":258,"column":8},"end":{"line":286,"column":9},"skip":true},"57":{"start":{"line":259,"column":12},"end":{"line":269,"column":14},"skip":true},"58":{"start":{"line":271,"column":12},"end":{"line":285,"column":19},"skip":true},"59":{"start":{"line":274,"column":20},"end":{"line":274,"column":35},"skip":true},"60":{"start":{"line":275,"column":20},"end":{"line":284,"column":21},"skip":true},"61":{"start":{"line":277,"column":24},"end":{"line":277,"column":64},"skip":true},"62":{"start":{"line":279,"column":24},"end":{"line":279,"column":40},"skip":true},"63":{"start":{"line":281,"column":24},"end":{"line":281,"column":40},"skip":true},"64":{"start":{"line":283,"column":24},"end":{"line":283,"column":39},"skip":true},"65":{"start":{"line":288,"column":8},"end":{"line":290,"column":9},"skip":true},"66":{"start":{"line":289,"column":12},"end":{"line":289,"column":18},"skip":true},"67":{"start":{"line":291,"column":8},"end":{"line":293,"column":54},"skip":true},"68":{"start":{"line":296,"column":8},"end":{"line":301,"column":37},"skip":true},"69":{"start":{"line":303,"column":8},"end":{"line":303,"column":82},"skip":true},"70":{"start":{"line":306,"column":8},"end":{"line":308,"column":9},"skip":true},"71":{"start":{"line":307,"column":12},"end":{"line":307,"column":82},"skip":true},"72":{"start":{"line":310,"column":8},"end":{"line":312,"column":9},"skip":true},"73":{"start":{"line":311,"column":12},"end":{"line":311,"column":18},"skip":true},"74":{"start":{"line":313,"column":8},"end":{"line":313,"column":54},"skip":true},"75":{"start":{"line":314,"column":8},"end":{"line":314,"column":69},"skip":true},"76":{"start":{"line":315,"column":8},"end":{"line":323,"column":36},"skip":true},"77":{"start":{"line":316,"column":12},"end":{"line":316,"column":61},"skip":true},"78":{"start":{"line":317,"column":12},"end":{"line":320,"column":13},"skip":true},"79":{"start":{"line":318,"column":16},"end":{"line":318,"column":75},"skip":true},"80":{"start":{"line":319,"column":16},"end":{"line":319,"column":23},"skip":true},"81":{"start":{"line":321,"column":12},"end":{"line":321,"column":38},"skip":true},"82":{"start":{"line":322,"column":12},"end":{"line":322,"column":27},"skip":true},"83":{"start":{"line":324,"column":8},"end":{"line":324,"column":14},"skip":true}},"branchMap":{"1":{"line":39,"type":"binary-expr","locations":[{"start":{"line":39,"column":23},"end":{"line":39,"column":62}},{"start":{"line":40,"column":20},"end":{"line":40,"column":70}},{"start":{"line":41,"column":20},"end":{"line":41,"column":71}},{"start":{"line":42,"column":20},"end":{"line":42,"column":29}}]},"2":{"line":44,"type":"binary-expr","locations":[{"start":{"line":44,"column":23},"end":{"line":44,"column":37}},{"start":{"line":45,"column":20},"end":{"line":45,"column":61}},{"start":{"line":46,"column":20},"end":{"line":46,"column":70}},{"start":{"line":47,"column":20},"end":{"line":47,"column":26}}]},"3":{"line":51,"type":"cond-expr","locations":[{"start":{"line":52,"column":14},"end":{"line":52,"column":20}},{"start":{"line":53,"column":14},"end":{"line":53,"column":20}}]},"4":{"line":55,"type":"binary-expr","locations":[{"start":{"line":55,"column":16},"end":{"line":55,"column":44}},{"start":{"line":55,"column":49},"end":{"line":57,"column":43}}]},"5":{"line":55,"type":"cond-expr","locations":[{"start":{"line":56,"column":14},"end":{"line":56,"column":54}},{"start":{"line":57,"column":14},"end":{"line":57,"column":43}}]},"6":{"line":61,"type":"switch","locations":[{"start":{"line":68,"column":4},"end":{"line":150,"column":14},"skip":true},{"start":{"line":156,"column":4},"end":{"line":324,"column":14},"skip":true}]},"7":{"line":70,"type":"if","locations":[{"start":{"line":70,"column":12},"end":{"line":70,"column":12},"skip":true},{"start":{"line":70,"column":12},"end":{"line":70,"column":12},"skip":true}]},"8":{"line":70,"type":"binary-expr","locations":[{"start":{"line":70,"column":16},"end":{"line":70,"column":22},"skip":true},{"start":{"line":70,"column":27},"end":{"line":70,"column":32},"skip":true},{"start":{"line":71,"column":20},"end":{"line":71,"column":39},"skip":true},{"start":{"line":72,"column":20},"end":{"line":72,"column":49},"skip":true},{"start":{"line":73,"column":20},"end":{"line":73,"column":58},"skip":true},{"start":{"line":74,"column":20},"end":{"line":74,"column":69},"skip":true}]},"9":{"line":79,"type":"switch","locations":[{"start":{"line":80,"column":20},"end":{"line":80,"column":33},"skip":true},{"start":{"line":81,"column":20},"end":{"line":83,"column":30},"skip":true},{"start":{"line":84,"column":20},"end":{"line":85,"column":49},"skip":true}]},"10":{"line":89,"type":"switch","locations":[{"start":{"line":90,"column":12},"end":{"line":103,"column":22},"skip":true},{"start":{"line":105,"column":12},"end":{"line":106,"column":22},"skip":true}]},"11":{"line":89,"type":"binary-expr","locations":[{"start":{"line":89,"column":20},"end":{"line":89,"column":25},"skip":true},{"start":{"line":89,"column":29},"end":{"line":89,"column":48},"skip":true},{"start":{"line":89,"column":52},"end":{"line":89,"column":74},"skip":true}]},"12":{"line":92,"type":"if","locations":[{"start":{"line":92,"column":16},"end":{"line":92,"column":16},"skip":true},{"start":{"line":92,"column":16},"end":{"line":92,"column":16},"skip":true}]},"13":{"line":108,"type":"if","locations":[{"start":{"line":108,"column":12},"end":{"line":108,"column":12},"skip":true},{"start":{"line":108,"column":12},"end":{"line":108,"column":12},"skip":true}]},"14":{"line":108,"type":"binary-expr","locations":[{"start":{"line":108,"column":16},"end":{"line":108,"column":61},"skip":true},{"start":{"line":108,"column":66},"end":{"line":108,"column":72},"skip":true},{"start":{"line":108,"column":77},"end":{"line":108,"column":82},"skip":true},{"start":{"line":109,"column":20},"end":{"line":109,"column":39},"skip":true},{"start":{"line":110,"column":20},"end":{"line":110,"column":49},"skip":true},{"start":{"line":111,"column":20},"end":{"line":111,"column":58},"skip":true},{"start":{"line":112,"column":20},"end":{"line":112,"column":68},"skip":true}]},"15":{"line":129,"type":"if","locations":[{"start":{"line":129,"column":16},"end":{"line":129,"column":16},"skip":true},{"start":{"line":129,"column":16},"end":{"line":129,"column":16},"skip":true}]},"16":{"line":134,"type":"cond-expr","locations":[{"start":{"line":135,"column":26},"end":{"line":135,"column":29},"skip":true},{"start":{"line":136,"column":26},"end":{"line":136,"column":54},"skip":true}]},"17":{"line":164,"type":"binary-expr","locations":[{"start":{"line":164,"column":27},"end":{"line":164,"column":43},"skip":true},{"start":{"line":164,"column":47},"end":{"line":164,"column":49},"skip":true}]},"18":{"line":258,"type":"if","locations":[{"start":{"line":258,"column":8},"end":{"line":258,"column":8},"skip":true},{"start":{"line":258,"column":8},"end":{"line":258,"column":8},"skip":true}]},"19":{"line":275,"type":"switch","locations":[{"start":{"line":276,"column":20},"end":{"line":277,"column":64},"skip":true},{"start":{"line":278,"column":20},"end":{"line":279,"column":40},"skip":true},{"start":{"line":280,"column":20},"end":{"line":281,"column":40},"skip":true},{"start":{"line":282,"column":20},"end":{"line":283,"column":39},"skip":true}]},"20":{"line":288,"type":"if","locations":[{"start":{"line":288,"column":8},"end":{"line":288,"column":8},"skip":true},{"start":{"line":288,"column":8},"end":{"line":288,"column":8},"skip":true}]},"21":{"line":288,"type":"binary-expr","locations":[{"start":{"line":288,"column":12},"end":{"line":288,"column":40},"skip":true},{"start":{"line":288,"column":44},"end":{"line":288,"column":67},"skip":true}]},"22":{"line":292,"type":"binary-expr","locations":[{"start":{"line":292,"column":12},"end":{"line":292,"column":50},"skip":true},{"start":{"line":293,"column":12},"end":{"line":293,"column":53},"skip":true}]},"23":{"line":297,"type":"binary-expr","locations":[{"start":{"line":297,"column":12},"end":{"line":297,"column":68},"skip":true},{"start":{"line":298,"column":12},"end":{"line":301,"column":36},"skip":true}]},"24":{"line":303,"type":"binary-expr","locations":[{"start":{"line":303,"column":43},"end":{"line":303,"column":75},"skip":true},{"start":{"line":303,"column":79},"end":{"line":303,"column":81},"skip":true}]},"25":{"line":306,"type":"if","locations":[{"start":{"line":306,"column":8},"end":{"line":306,"column":8},"skip":true},{"start":{"line":306,"column":8},"end":{"line":306,"column":8},"skip":true}]},"26":{"line":310,"type":"if","locations":[{"start":{"line":310,"column":8},"end":{"line":310,"column":8},"skip":true},{"start":{"line":310,"column":8},"end":{"line":310,"column":8},"skip":true}]},"27":{"line":313,"type":"binary-expr","locations":[{"start":{"line":313,"column":27},"end":{"line":313,"column":43},"skip":true},{"start":{"line":313,"column":47},"end":{"line":313,"column":53},"skip":true}]},"28":{"line":317,"type":"if","locations":[{"start":{"line":317,"column":12},"end":{"line":317,"column":12},"skip":true},{"start":{"line":317,"column":12},"end":{"line":317,"column":12},"skip":true}]}},"code":["/*","example.js","","quickstart example","","instruction","    1. save this script as example.js","    2. run the shell command:","        $ npm install npmtest-multiparty && PORT=8081 node example.js","    3. play with the browser-demo on http://127.0.0.1:8081","*/","","","","/* istanbul instrument in package npmtest_multiparty */","/*jslint","    bitwise: true,","    browser: true,","    maxerr: 8,","    maxlen: 96,","    node: true,","    nomen: true,","    regexp: true,","    stupid: true","*/","(function () {","    'use strict';","    var local;","","","","    // run shared js-env code - pre-init","    (function () {","        // init local","        local = {};","        // init modeJs","        local.modeJs = (function () {","            try {","                return typeof navigator.userAgent === 'string' &&","                    typeof document.querySelector('body') === 'object' &&","                    typeof XMLHttpRequest.prototype.open === 'function' &&","                    'browser';","            } catch (errorCaughtBrowser) {","                return module.exports &&","                    typeof process.versions.node === 'string' &&","                    typeof require('http').createServer === 'function' &&","                    'node';","            }","        }());","        // init global","        local.global = local.modeJs === 'browser'","            ? window","            : global;","        // init utility2_rollup","        local = local.global.utility2_rollup || (local.modeJs === 'browser'","            ? local.global.utility2_npmtest_multiparty","            : global.utility2_moduleExports);","        // export local","        local.global.local = local;","    }());","    switch (local.modeJs) {","","","","    // post-init","    // run browser js-env code - post-init","    /* istanbul ignore next */","    case 'browser':","        local.testRunBrowser = function (event) {","            if (!event || (event &&","                    event.currentTarget &&","                    event.currentTarget.className &&","                    event.currentTarget.className.includes &&","                    event.currentTarget.className.includes('onreset'))) {","                // reset output","                Array.from(","                    document.querySelectorAll('body > .resettable')","                ).forEach(function (element) {","                    switch (element.tagName) {","                    case 'INPUT':","                    case 'TEXTAREA':","                        element.value = '';","                        break;","                    default:","                        element.textContent = '';","                    }","                });","            }","            switch (event && event.currentTarget && event.currentTarget.id) {","            case 'testRunButton1':","                // show tests","                if (document.querySelector('#testReportDiv1').style.display === 'none') {","                    document.querySelector('#testReportDiv1').style.display = 'block';","                    document.querySelector('#testRunButton1').textContent =","                        'hide internal test';","                    local.modeTest = true;","                    local.testRunDefault(local);","                // hide tests","                } else {","                    document.querySelector('#testReportDiv1').style.display = 'none';","                    document.querySelector('#testRunButton1').textContent = 'run internal test';","                }","                break;","            // custom-case","            default:","                break;","            }","            if (document.querySelector('#inputTextareaEval1') && (!event || (event &&","                    event.currentTarget &&","                    event.currentTarget.className &&","                    event.currentTarget.className.includes &&","                    event.currentTarget.className.includes('oneval')))) {","                // try to eval input-code","                try {","                    /*jslint evil: true*/","                    eval(document.querySelector('#inputTextareaEval1').value);","                } catch (errorCaught) {","                    console.error(errorCaught);","                }","            }","        };","        // log stderr and stdout to #outputTextareaStdout1","        ['error', 'log'].forEach(function (key) {","            console[key + '_original'] = console[key];","            console[key] = function () {","                var element;","                console[key + '_original'].apply(console, arguments);","                element = document.querySelector('#outputTextareaStdout1');","                if (!element) {","                    return;","                }","                // append text to #outputTextareaStdout1","                element.value += Array.from(arguments).map(function (arg) {","                    return typeof arg === 'string'","                        ? arg","                        : JSON.stringify(arg, null, 4);","                }).join(' ') + '\\n';","                // scroll textarea to bottom","                element.scrollTop = element.scrollHeight;","            };","        });","        // init event-handling","        ['change', 'click', 'keyup'].forEach(function (event) {","            Array.from(document.querySelectorAll('.on' + event)).forEach(function (element) {","                element.addEventListener(event, local.testRunBrowser);","            });","        });","        // run tests","        local.testRunBrowser();","        break;","","","","    // run node js-env code - post-init","    /* istanbul ignore next */","    case 'node':","        // export local","        module.exports = local;","        // require modules","        local.fs = require('fs');","        local.http = require('http');","        local.url = require('url');","        // init assets","        local.assetsDict = local.assetsDict || {};","        /* jslint-ignore-begin */","        local.assetsDict['/assets.index.template.html'] = '\\","<!doctype html>\\n\\","<html lang=\"en\">\\n\\","<head>\\n\\","<meta charset=\"UTF-8\">\\n\\","<meta name=\"viewport\" content=\"width=device-width, initial-scale=1\">\\n\\","<title>{{env.npm_package_name}} (v{{env.npm_package_version}})</title>\\n\\","<style>\\n\\","/*csslint\\n\\","    box-sizing: false,\\n\\","    universal-selector: false\\n\\","*/\\n\\","* {\\n\\","    box-sizing: border-box;\\n\\","}\\n\\","body {\\n\\","    background: #dde;\\n\\","    font-family: Arial, Helvetica, sans-serif;\\n\\","    margin: 2rem;\\n\\","}\\n\\","body > * {\\n\\","    margin-bottom: 1rem;\\n\\","}\\n\\",".utility2FooterDiv {\\n\\","    margin-top: 20px;\\n\\","    text-align: center;\\n\\","}\\n\\","</style>\\n\\","<style>\\n\\","/*csslint\\n\\","*/\\n\\","textarea {\\n\\","    font-family: monospace;\\n\\","    height: 10rem;\\n\\","    width: 100%;\\n\\","}\\n\\","textarea[readonly] {\\n\\","    background: #ddd;\\n\\","}\\n\\","</style>\\n\\","</head>\\n\\","<body>\\n\\","<!-- utility2-comment\\n\\","<div id=\"ajaxProgressDiv1\" style=\"background: #d00; height: 2px; left: 0; margin: 0; padding: 0; position: fixed; top: 0; transition: background 0.5s, width 1.5s; width: 25%;\"></div>\\n\\","utility2-comment -->\\n\\","<h1>\\n\\","<!-- utility2-comment\\n\\","    <a\\n\\","        {{#if env.npm_package_homepage}}\\n\\","        href=\"{{env.npm_package_homepage}}\"\\n\\","        {{/if env.npm_package_homepage}}\\n\\","        target=\"_blank\"\\n\\","    >\\n\\","utility2-comment -->\\n\\","        {{env.npm_package_name}} (v{{env.npm_package_version}})\\n\\","<!-- utility2-comment\\n\\","    </a>\\n\\","utility2-comment -->\\n\\","</h1>\\n\\","<h3>{{env.npm_package_description}}</h3>\\n\\","<!-- utility2-comment\\n\\","<h4><a download href=\"assets.app.js\">download standalone app</a></h4>\\n\\","<button class=\"onclick onreset\" id=\"testRunButton1\">run internal test</button><br>\\n\\","<div id=\"testReportDiv1\" style=\"display: none;\"></div>\\n\\","utility2-comment -->\\n\\","\\n\\","\\n\\","\\n\\","<label>stderr and stdout</label>\\n\\","<textarea class=\"resettable\" id=\"outputTextareaStdout1\" readonly></textarea>\\n\\","<!-- utility2-comment\\n\\","{{#if isRollup}}\\n\\","<script src=\"assets.app.js\"></script>\\n\\","{{#unless isRollup}}\\n\\","utility2-comment -->\\n\\","<script src=\"assets.utility2.rollup.js\"></script>\\n\\","<script src=\"jsonp.utility2._stateInit?callback=window.utility2._stateInit\"></script>\\n\\","<script src=\"assets.npmtest_multiparty.rollup.js\"></script>\\n\\","<script src=\"assets.example.js\"></script>\\n\\","<script src=\"assets.test.js\"></script>\\n\\","<!-- utility2-comment\\n\\","{{/if isRollup}}\\n\\","utility2-comment -->\\n\\","<div class=\"utility2FooterDiv\">\\n\\","    [ this app was created with\\n\\","    <a href=\"https://github.com/kaizhu256/node-utility2\" target=\"_blank\">utility2</a>\\n\\","    ]\\n\\","</div>\\n\\","</body>\\n\\","</html>\\n\\","';","        /* jslint-ignore-end */","        if (local.templateRender) {","            local.assetsDict['/'] = local.templateRender(","                local.assetsDict['/assets.index.template.html'],","                {","                    env: local.objectSetDefault(local.env, {","                        npm_package_description: 'the greatest app in the world!',","                        npm_package_name: 'my-app',","                        npm_package_nameAlias: 'my_app',","                        npm_package_version: '0.0.1'","                    })","                }","            );","        } else {","            local.assetsDict['/'] = local.assetsDict['/assets.index.template.html']","                .replace((/\\{\\{env\\.(\\w+?)\\}\\}/g), function (match0, match1) {","                    // jslint-hack","                    String(match0);","                    switch (match1) {","                    case 'npm_package_description':","                        return 'the greatest app in the world!';","                    case 'npm_package_name':","                        return 'my-app';","                    case 'npm_package_nameAlias':","                        return 'my_app';","                    case 'npm_package_version':","                        return '0.0.1';","                    }","                });","        }","        // run the cli","        if (local.global.utility2_rollup || module !== require.main) {","            break;","        }","        local.assetsDict['/assets.example.js'] =","            local.assetsDict['/assets.example.js'] ||","            local.fs.readFileSync(__filename, 'utf8');","        // bug-workaround - long $npm_package_buildCustomOrg","        /* jslint-ignore-begin */","        local.assetsDict['/assets.npmtest_multiparty.rollup.js'] =","            local.assetsDict['/assets.npmtest_multiparty.rollup.js'] ||","            local.fs.readFileSync(","                local.npmtest_multiparty.__dirname + '/lib.npmtest_multiparty.js',","                'utf8'","            ).replace((/^#!/), '//');","        /* jslint-ignore-end */","        local.assetsDict['/favicon.ico'] = local.assetsDict['/favicon.ico'] || '';","        // if $npm_config_timeout_exit exists,","        // then exit this process after $npm_config_timeout_exit ms","        if (Number(process.env.npm_config_timeout_exit)) {","            setTimeout(process.exit, Number(process.env.npm_config_timeout_exit));","        }","        // start server","        if (local.global.utility2_serverHttp1) {","            break;","        }","        process.env.PORT = process.env.PORT || '8081';","        console.error('server starting on port ' + process.env.PORT);","        local.http.createServer(function (request, response) {","            request.urlParsed = local.url.parse(request.url);","            if (local.assetsDict[request.urlParsed.pathname] !== undefined) {","                response.end(local.assetsDict[request.urlParsed.pathname]);","                return;","            }","            response.statusCode = 404;","            response.end();","        }).listen(process.env.PORT);","        break;","    }","}());",""],"l":{"26":2,"28":2,"33":2,"35":2,"37":2,"38":2,"39":2,"44":1,"51":2,"55":2,"59":2,"61":2,"69":1,"70":2,"76":2,"79":2,"82":2,"83":2,"85":1,"89":2,"92":1,"93":1,"94":1,"96":1,"97":1,"100":1,"101":1,"103":1,"106":1,"108":2,"114":1,"116":1,"118":1,"123":1,"124":2,"125":2,"126":3,"127":3,"128":3,"129":3,"130":1,"133":3,"134":3,"139":3,"143":1,"144":3,"145":1,"149":1,"150":1,"158":1,"160":1,"161":1,"162":1,"164":1,"166":1,"258":1,"259":1,"271":1,"274":6,"275":6,"277":1,"279":2,"281":1,"283":2,"288":1,"289":1,"291":1,"296":1,"303":1,"306":1,"307":1,"310":1,"311":1,"313":1,"314":1,"315":1,"316":1,"317":1,"318":1,"319":1,"321":1,"322":1,"324":1}},"/home/travis/build/npmtest/node-npmtest-multiparty/node_modules/multiparty/index.js":{"path":"/home/travis/build/npmtest/node-npmtest-multiparty/node_modules/multiparty/index.js","s":{"1":1,"2":1,"3":1,"4":1,"5":1,"6":1,"7":1,"8":1,"9":1,"10":1,"11":1,"12":1,"13":1,"14":1,"15":1,"16":1,"17":1,"18":1,"19":1,"20":1,"21":1,"22":1,"23":1,"24":1,"25":1,"26":1,"27":1,"28":1,"29":1,"30":1,"31":1,"32":1,"33":1,"34":1,"35":1,"36":1,"37":0,"38":0,"39":0,"40":0,"41":0,"42":0,"43":0,"44":0,"45":0,"46":0,"47":0,"48":0,"49":0,"50":0,"51":0,"52":0,"53":0,"54":0,"55":0,"56":0,"57":0,"58":0,"59":0,"60":0,"61":0,"62":0,"63":1,"64":0,"65":0,"66":0,"67":0,"68":0,"69":0,"70":0,"71":0,"72":0,"73":0,"74":0,"75":0,"76":0,"77":0,"78":0,"79":0,"80":0,"81":0,"82":0,"83":0,"84":0,"85":0,"86":0,"87":0,"88":0,"89":0,"90":0,"91":0,"92":0,"93":0,"94":0,"95":0,"96":0,"97":0,"98":0,"99":0,"100":0,"101":0,"102":0,"103":0,"104":0,"105":0,"106":0,"107":0,"108":0,"109":0,"110":0,"111":0,"112":0,"113":0,"114":0,"115":0,"116":0,"117":0,"118":0,"119":0,"120":0,"121":0,"122":0,"123":0,"124":0,"125":1,"126":0,"127":0,"128":0,"129":1,"130":0,"131":1,"132":0,"133":0,"134":0,"135":0,"136":0,"137":0,"138":0,"139":0,"140":0,"141":0,"142":1,"143":0,"144":1,"145":0,"146":0,"147":0,"148":0,"149":0,"150":0,"151":0,"152":0,"153":0,"154":0,"155":0,"156":0,"157":0,"158":0,"159":0,"160":0,"161":0,"162":0,"163":0,"164":0,"165":0,"166":0,"167":0,"168":0,"169":0,"170":0,"171":0,"172":0,"173":0,"174":0,"175":0,"176":0,"177":0,"178":0,"179":0,"180":0,"181":0,"182":0,"183":0,"184":0,"185":0,"186":0,"187":0,"188":0,"189":0,"190":0,"191":0,"192":0,"193":0,"194":0,"195":0,"196":0,"197":0,"198":0,"199":0,"200":0,"201":0,"202":0,"203":0,"204":0,"205":0,"206":0,"207":0,"208":0,"209":0,"210":0,"211":0,"212":0,"213":0,"214":0,"215":0,"216":0,"217":0,"218":0,"219":0,"220":0,"221":0,"222":0,"223":0,"224":0,"225":0,"226":0,"227":0,"228":0,"229":0,"230":0,"231":0,"232":0,"233":0,"234":0,"235":0,"236":0,"237":0,"238":0,"239":0,"240":0,"241":0,"242":0,"243":0,"244":0,"245":0,"246":0,"247":0,"248":0,"249":0,"250":0,"251":0,"252":0,"253":0,"254":0,"255":0,"256":0,"257":0,"258":0,"259":0,"260":0,"261":0,"262":0,"263":0,"264":0,"265":0,"266":0,"267":0,"268":0,"269":0,"270":0,"271":0,"272":0,"273":0,"274":0,"275":0,"276":0,"277":0,"278":0,"279":0,"280":0,"281":0,"282":0,"283":0,"284":0,"285":0,"286":0,"287":0,"288":0,"289":0,"290":0,"291":0,"292":0,"293":0,"294":0,"295":0,"296":0,"297":0,"298":0,"299":0,"300":0,"301":0,"302":1,"303":0,"304":1,"305":0,"306":1,"307":0,"308":1,"309":0,"310":0,"311":0,"312":0,"313":0,"314":0,"315":0,"316":0,"317":0,"318":0,"319":0,"320":0,"321":0,"322":1,"323":0,"324":0,"325":0,"326":1,"327":0,"328":0,"329":0,"330":0,"331":0,"332":0,"333":1,"334":0,"335":0,"336":0,"337":0,"338":0,"339":0,"340":0,"341":0,"342":0,"343":0,"344":0,"345":0,"346":0,"347":0,"348":0,"349":0,"350":0,"351":0,"352":0,"353":0,"354":0,"355":0,"356":0,"357":1,"358":0,"359":0,"360":0,"361":0,"362":1,"363":0,"364":0,"365":0,"366":0,"367":0,"368":0,"369":1,"370":0,"371":1,"372":0,"373":0,"374":0,"375":0,"376":0,"377":1,"378":0,"379":0,"380":0,"381":0,"382":0,"383":1,"384":0,"385":0,"386":0,"387":0,"388":0,"389":0,"390":1,"391":0,"392":0,"393":0,"394":0,"395":0,"396":1,"397":0,"398":0,"399":0,"400":0,"401":0,"402":0,"403":0,"404":1,"405":0,"406":0,"407":0,"408":0,"409":0,"410":1,"411":0,"412":0,"413":0,"414":0,"415":0,"416":0,"417":1,"418":0,"419":0,"420":0,"421":0,"422":0,"423":0,"424":0,"425":0,"426":0,"427":0,"428":0,"429":0,"430":0,"431":0,"432":0,"433":0,"434":0,"435":0,"436":0,"437":0,"438":0,"439":0,"440":0,"441":0,"442":0,"443":0,"444":0,"445":0,"446":0,"447":0,"448":0,"449":0,"450":0,"451":0,"452":1,"453":0,"454":0,"455":0,"456":0,"457":0,"458":0,"459":0,"460":0,"461":0,"462":0,"463":0,"464":0,"465":0,"466":0,"467":0,"468":0,"469":0,"470":0,"471":0,"472":1,"473":0,"474":0,"475":0,"476":0,"477":0,"478":0,"479":0,"480":0,"481":0,"482":1,"483":0,"484":0,"485":0,"486":0,"487":0,"488":0,"489":0,"490":0,"491":0,"492":0,"493":0,"494":0,"495":0,"496":0,"497":0,"498":1,"499":0,"500":0,"501":0,"502":1,"503":0,"504":0,"505":1,"506":0,"507":0,"508":0,"509":1,"510":0,"511":0,"512":0,"513":0,"514":0,"515":0,"516":0,"517":0,"518":0,"519":0,"520":0,"521":1,"522":0,"523":1,"524":0,"525":0,"526":0,"527":0,"528":0},"b":{"1":[0,0],"2":[0,0],"3":[0,0],"4":[0,0],"5":[0,0],"6":[0,0],"7":[0,0],"8":[0,0],"9":[0,0],"10":[0,0],"11":[0,0],"12":[0,0],"13":[0,0],"14":[0,0],"15":[0,0],"16":[0,0,0,0],"17":[0,0],"18":[0,0],"19":[0,0],"20":[0,0],"21":[0,0],"22":[0,0],"23":[0,0],"24":[0,0],"25":[0,0],"26":[0,0,0,0,0,0,0,0,0,0,0,0,0],"27":[0,0],"28":[0,0],"29":[0,0],"30":[0,0],"31":[0,0],"32":[0,0],"33":[0,0],"34":[0,0],"35":[0,0],"36":[0,0],"37":[0,0],"38":[0,0],"39":[0,0],"40":[0,0],"41":[0,0],"42":[0,0],"43":[0,0],"44":[0,0],"45":[0,0],"46":[0,0],"47":[0,0],"48":[0,0],"49":[0,0],"50":[0,0],"51":[0,0],"52":[0,0],"53":[0,0],"54":[0,0],"55":[0,0],"56":[0,0],"57":[0,0],"58":[0,0],"59":[0,0],"60":[0,0],"61":[0,0],"62":[0,0],"63":[0,0],"64":[0,0],"65":[0,0],"66":[0,0],"67":[0,0],"68":[0,0],"69":[0,0],"70":[0,0],"71":[0,0,0,0,0],"72":[0,0],"73":[0,0],"74":[0,0],"75":[0,0],"76":[0,0],"77":[0,0],"78":[0,0],"79":[0,0],"80":[0,0],"81":[0,0],"82":[0,0],"83":[0,0],"84":[0,0],"85":[0,0],"86":[0,0],"87":[0,0],"88":[0,0],"89":[0,0],"90":[0,0],"91":[0,0],"92":[0,0],"93":[0,0],"94":[0,0],"95":[0,0],"96":[0,0],"97":[0,0]},"f":{"1":0,"2":0,"3":0,"4":0,"5":0,"6":0,"7":0,"8":0,"9":0,"10":0,"11":0,"12":0,"13":0,"14":0,"15":0,"16":0,"17":0,"18":0,"19":0,"20":0,"21":0,"22":0,"23":0,"24":0,"25":0,"26":0,"27":0,"28":0,"29":0,"30":0,"31":0,"32":0,"33":0,"34":0,"35":0,"36":0,"37":0,"38":0,"39":0,"40":0,"41":0,"42":0,"43":0,"44":0,"45":0,"46":0,"47":0,"48":0,"49":0,"50":0,"51":0,"52":0,"53":0,"54":0,"55":0,"56":0,"57":0,"58":0,"59":0,"60":0,"61":0,"62":0,"63":0,"64":0,"65":0,"66":0,"67":0,"68":0,"69":0},"fnMap":{"1":{"name":"Form","line":43,"loc":{"start":{"line":43,"column":0},"end":{"line":43,"column":23}}},"2":{"name":"(anonymous_2)","line":74,"loc":{"start":{"line":74,"column":25},"end":{"line":74,"column":45}}},"3":{"name":"(anonymous_3)","line":83,"loc":{"start":{"line":83,"column":23},"end":{"line":83,"column":41}}},"4":{"name":"(anonymous_4)","line":94,"loc":{"start":{"line":94,"column":14},"end":{"line":94,"column":30}}},"5":{"name":"(anonymous_5)","line":100,"loc":{"start":{"line":100,"column":23},"end":{"line":100,"column":34}}},"6":{"name":"(anonymous_6)","line":114,"loc":{"start":{"line":114,"column":21},"end":{"line":114,"column":35}}},"7":{"name":"(anonymous_7)","line":115,"loc":{"start":{"line":115,"column":10},"end":{"line":115,"column":21}}},"8":{"name":"(anonymous_8)","line":119,"loc":{"start":{"line":119,"column":21},"end":{"line":119,"column":43}}},"9":{"name":"(anonymous_9)","line":123,"loc":{"start":{"line":123,"column":20},"end":{"line":123,"column":41}}},"10":{"name":"(anonymous_10)","line":127,"loc":{"start":{"line":127,"column":21},"end":{"line":127,"column":32}}},"11":{"name":"(anonymous_11)","line":128,"loc":{"start":{"line":128,"column":10},"end":{"line":128,"column":21}}},"12":{"name":"(anonymous_12)","line":138,"loc":{"start":{"line":138,"column":18},"end":{"line":138,"column":32}}},"13":{"name":"onReqAborted","line":180,"loc":{"start":{"line":180,"column":2},"end":{"line":180,"column":26}}},"14":{"name":"onReqEnd","line":186,"loc":{"start":{"line":186,"column":2},"end":{"line":186,"column":22}}},"15":{"name":"handleError","line":190,"loc":{"start":{"line":190,"column":2},"end":{"line":190,"column":28}}},"16":{"name":"validationError","line":208,"loc":{"start":{"line":208,"column":2},"end":{"line":208,"column":32}}},"17":{"name":"(anonymous_17)","line":214,"loc":{"start":{"line":214,"column":24},"end":{"line":214,"column":55}}},"18":{"name":"(anonymous_18)","line":431,"loc":{"start":{"line":431,"column":34},"end":{"line":431,"column":45}}},"19":{"name":"(anonymous_19)","line":435,"loc":{"start":{"line":435,"column":36},"end":{"line":435,"column":48}}},"20":{"name":"(anonymous_20)","line":439,"loc":{"start":{"line":439,"column":36},"end":{"line":439,"column":48}}},"21":{"name":"(anonymous_21)","line":443,"loc":{"start":{"line":443,"column":34},"end":{"line":443,"column":45}}},"22":{"name":"(anonymous_22)","line":463,"loc":{"start":{"line":463,"column":33},"end":{"line":463,"column":45}}},"23":{"name":"(anonymous_23)","line":471,"loc":{"start":{"line":471,"column":32},"end":{"line":471,"column":43}}},"24":{"name":"(anonymous_24)","line":475,"loc":{"start":{"line":475,"column":21},"end":{"line":475,"column":32}}},"25":{"name":"(anonymous_25)","line":482,"loc":{"start":{"line":482,"column":35},"end":{"line":482,"column":52}}},"26":{"name":"(anonymous_26)","line":502,"loc":{"start":{"line":502,"column":30},"end":{"line":502,"column":41}}},"27":{"name":"flushWriteCbs","line":524,"loc":{"start":{"line":524,"column":0},"end":{"line":524,"column":29}}},"28":{"name":"(anonymous_28)","line":525,"loc":{"start":{"line":525,"column":24},"end":{"line":525,"column":37}}},"29":{"name":"getBytesExpected","line":532,"loc":{"start":{"line":532,"column":0},"end":{"line":532,"column":35}}},"30":{"name":"beginFlush","line":543,"loc":{"start":{"line":543,"column":0},"end":{"line":543,"column":26}}},"31":{"name":"endFlush","line":547,"loc":{"start":{"line":547,"column":0},"end":{"line":547,"column":24}}},"32":{"name":"maybeClose","line":560,"loc":{"start":{"line":560,"column":0},"end":{"line":560,"column":26}}},"33":{"name":"(anonymous_33)","line":565,"loc":{"start":{"line":565,"column":22},"end":{"line":565,"column":33}}},"34":{"name":"(anonymous_34)","line":571,"loc":{"start":{"line":571,"column":21},"end":{"line":571,"column":32}}},"35":{"name":"cleanupOpenFiles","line":577,"loc":{"start":{"line":577,"column":0},"end":{"line":577,"column":32}}},"36":{"name":"(anonymous_36)","line":578,"loc":{"start":{"line":578,"column":27},"end":{"line":578,"column":50}}},"37":{"name":"(anonymous_37)","line":583,"loc":{"start":{"line":583,"column":44},"end":{"line":583,"column":58}}},"38":{"name":"holdEmitQueue","line":590,"loc":{"start":{"line":590,"column":0},"end":{"line":590,"column":43}}},"39":{"name":"(anonymous_39)","line":593,"loc":{"start":{"line":593,"column":9},"end":{"line":593,"column":22}}},"40":{"name":"errorEventQueue","line":599,"loc":{"start":{"line":599,"column":0},"end":{"line":599,"column":50}}},"41":{"name":"(anonymous_41)","line":600,"loc":{"start":{"line":600,"column":36},"end":{"line":600,"column":52}}},"42":{"name":"(anonymous_42)","line":609,"loc":{"start":{"line":609,"column":16},"end":{"line":609,"column":32}}},"43":{"name":"flushEmitQueue","line":614,"loc":{"start":{"line":614,"column":0},"end":{"line":614,"column":30}}},"44":{"name":"handlePart","line":628,"loc":{"start":{"line":628,"column":0},"end":{"line":628,"column":38}}},"45":{"name":"(anonymous_45)","line":631,"loc":{"start":{"line":631,"column":23},"end":{"line":631,"column":34}}},"46":{"name":"(anonymous_46)","line":634,"loc":{"start":{"line":634,"column":21},"end":{"line":634,"column":32}}},"47":{"name":"handleFile","line":639,"loc":{"start":{"line":639,"column":0},"end":{"line":639,"column":38}}},"48":{"name":"(anonymous_48)","line":654,"loc":{"start":{"line":654,"column":25},"end":{"line":654,"column":39}}},"49":{"name":"(anonymous_49)","line":657,"loc":{"start":{"line":657,"column":33},"end":{"line":657,"column":51}}},"50":{"name":"(anonymous_50)","line":671,"loc":{"start":{"line":671,"column":32},"end":{"line":671,"column":46}}},"51":{"name":"(anonymous_51)","line":678,"loc":{"start":{"line":678,"column":35},"end":{"line":678,"column":46}}},"52":{"name":"(anonymous_52)","line":684,"loc":{"start":{"line":684,"column":23},"end":{"line":684,"column":34}}},"53":{"name":"(anonymous_53)","line":686,"loc":{"start":{"line":686,"column":25},"end":{"line":686,"column":36}}},"54":{"name":"handleField","line":695,"loc":{"start":{"line":695,"column":0},"end":{"line":695,"column":40}}},"55":{"name":"(anonymous_55)","line":701,"loc":{"start":{"line":701,"column":26},"end":{"line":701,"column":40}}},"56":{"name":"(anonymous_56)","line":704,"loc":{"start":{"line":704,"column":29},"end":{"line":704,"column":40}}},"57":{"name":"(anonymous_57)","line":716,"loc":{"start":{"line":716,"column":24},"end":{"line":716,"column":35}}},"58":{"name":"(anonymous_58)","line":717,"loc":{"start":{"line":717,"column":23},"end":{"line":717,"column":34}}},"59":{"name":"clearPartVars","line":724,"loc":{"start":{"line":724,"column":0},"end":{"line":724,"column":29}}},"60":{"name":"setUpParser","line":737,"loc":{"start":{"line":737,"column":0},"end":{"line":737,"column":37}}},"61":{"name":"(anonymous_61)","line":752,"loc":{"start":{"line":752,"column":20},"end":{"line":752,"column":31}}},"62":{"name":"uploadPath","line":760,"loc":{"start":{"line":760,"column":0},"end":{"line":760,"column":39}}},"63":{"name":"randoString","line":766,"loc":{"start":{"line":766,"column":0},"end":{"line":766,"column":27}}},"64":{"name":"(anonymous_64)","line":767,"loc":{"start":{"line":767,"column":59},"end":{"line":767,"column":71}}},"65":{"name":"rando","line":772,"loc":{"start":{"line":772,"column":0},"end":{"line":772,"column":21}}},"66":{"name":"parseFilename","line":780,"loc":{"start":{"line":780,"column":0},"end":{"line":780,"column":36}}},"67":{"name":"(anonymous_67)","line":794,"loc":{"start":{"line":794,"column":47},"end":{"line":794,"column":65}}},"68":{"name":"lower","line":800,"loc":{"start":{"line":800,"column":0},"end":{"line":800,"column":18}}},"69":{"name":"createError","line":804,"loc":{"start":{"line":804,"column":0},"end":{"line":804,"column":38}}}},"statementMap":{"1":{"start":{"line":1,"column":0},"end":{"line":1,"column":31}},"2":{"start":{"line":2,"column":0},"end":{"line":2,"column":27}},"3":{"start":{"line":3,"column":0},"end":{"line":3,"column":23}},"4":{"start":{"line":4,"column":0},"end":{"line":4,"column":31}},"5":{"start":{"line":5,"column":0},"end":{"line":5,"column":27}},"6":{"start":{"line":6,"column":0},"end":{"line":6,"column":23}},"7":{"start":{"line":7,"column":0},"end":{"line":7,"column":60}},"8":{"start":{"line":8,"column":0},"end":{"line":8,"column":36}},"9":{"start":{"line":10,"column":0},"end":{"line":10,"column":14}},"10":{"start":{"line":11,"column":0},"end":{"line":11,"column":23}},"11":{"start":{"line":12,"column":0},"end":{"line":12,"column":27}},"12":{"start":{"line":13,"column":0},"end":{"line":13,"column":21}},"13":{"start":{"line":14,"column":0},"end":{"line":14,"column":27}},"14":{"start":{"line":15,"column":0},"end":{"line":15,"column":21}},"15":{"start":{"line":16,"column":0},"end":{"line":16,"column":33}},"16":{"start":{"line":17,"column":0},"end":{"line":17,"column":28}},"17":{"start":{"line":18,"column":0},"end":{"line":18,"column":24}},"18":{"start":{"line":19,"column":0},"end":{"line":19,"column":18}},"19":{"start":{"line":20,"column":0},"end":{"line":20,"column":18}},"20":{"start":{"line":21,"column":0},"end":{"line":21,"column":24}},"21":{"start":{"line":22,"column":0},"end":{"line":22,"column":13}},"22":{"start":{"line":24,"column":0},"end":{"line":24,"column":12}},"23":{"start":{"line":25,"column":0},"end":{"line":25,"column":12}},"24":{"start":{"line":26,"column":0},"end":{"line":26,"column":15}},"25":{"start":{"line":27,"column":0},"end":{"line":27,"column":16}},"26":{"start":{"line":28,"column":0},"end":{"line":28,"column":15}},"27":{"start":{"line":29,"column":0},"end":{"line":29,"column":11}},"28":{"start":{"line":30,"column":0},"end":{"line":30,"column":12}},"29":{"start":{"line":32,"column":0},"end":{"line":32,"column":66}},"30":{"start":{"line":33,"column":0},"end":{"line":33,"column":66}},"31":{"start":{"line":34,"column":0},"end":{"line":34,"column":47}},"32":{"start":{"line":35,"column":0},"end":{"line":35,"column":33}},"33":{"start":{"line":38,"column":0},"end":{"line":38,"column":35}},"34":{"start":{"line":40,"column":0},"end":{"line":40,"column":20}},"35":{"start":{"line":42,"column":0},"end":{"line":42,"column":37}},"36":{"start":{"line":43,"column":0},"end":{"line":81,"column":1}},"37":{"start":{"line":44,"column":2},"end":{"line":44,"column":18}},"38":{"start":{"line":45,"column":2},"end":{"line":45,"column":29}},"39":{"start":{"line":47,"column":2},"end":{"line":47,"column":26}},"40":{"start":{"line":49,"column":2},"end":{"line":49,"column":20}},"41":{"start":{"line":51,"column":2},"end":{"line":51,"column":41}},"42":{"start":{"line":52,"column":2},"end":{"line":52,"column":39}},"43":{"start":{"line":54,"column":2},"end":{"line":54,"column":45}},"44":{"start":{"line":55,"column":2},"end":{"line":55,"column":64}},"45":{"start":{"line":56,"column":2},"end":{"line":56,"column":55}},"46":{"start":{"line":57,"column":2},"end":{"line":57,"column":52}},"47":{"start":{"line":58,"column":2},"end":{"line":58,"column":45}},"48":{"start":{"line":60,"column":2},"end":{"line":60,"column":25}},"49":{"start":{"line":61,"column":2},"end":{"line":61,"column":28}},"50":{"start":{"line":63,"column":2},"end":{"line":63,"column":24}},"51":{"start":{"line":64,"column":2},"end":{"line":64,"column":26}},"52":{"start":{"line":65,"column":2},"end":{"line":65,"column":27}},"53":{"start":{"line":66,"column":2},"end":{"line":66,"column":25}},"54":{"start":{"line":67,"column":2},"end":{"line":67,"column":20}},"55":{"start":{"line":69,"column":2},"end":{"line":69,"column":28}},"56":{"start":{"line":70,"column":2},"end":{"line":70,"column":21}},"57":{"start":{"line":72,"column":2},"end":{"line":72,"column":22}},"58":{"start":{"line":74,"column":2},"end":{"line":80,"column":5}},"59":{"start":{"line":75,"column":4},"end":{"line":79,"column":5}},"60":{"start":{"line":76,"column":6},"end":{"line":76,"column":28}},"61":{"start":{"line":77,"column":11},"end":{"line":79,"column":5}},"62":{"start":{"line":78,"column":6},"end":{"line":78,"column":29}},"63":{"start":{"line":83,"column":0},"end":{"line":212,"column":2}},"64":{"start":{"line":84,"column":2},"end":{"line":84,"column":21}},"65":{"start":{"line":85,"column":2},"end":{"line":85,"column":18}},"66":{"start":{"line":86,"column":2},"end":{"line":86,"column":21}},"67":{"start":{"line":88,"column":2},"end":{"line":132,"column":3}},"68":{"start":{"line":90,"column":4},"end":{"line":90,"column":27}},"69":{"start":{"line":91,"column":4},"end":{"line":91,"column":26}},"70":{"start":{"line":94,"column":4},"end":{"line":110,"column":6}},"71":{"start":{"line":95,"column":6},"end":{"line":95,"column":25}},"72":{"start":{"line":95,"column":18},"end":{"line":95,"column":25}},"73":{"start":{"line":97,"column":6},"end":{"line":97,"column":20}},"74":{"start":{"line":100,"column":6},"end":{"line":109,"column":9}},"75":{"start":{"line":101,"column":8},"end":{"line":106,"column":9}},"76":{"start":{"line":103,"column":10},"end":{"line":103,"column":23}},"77":{"start":{"line":104,"column":10},"end":{"line":104,"column":32}},"78":{"start":{"line":105,"column":10},"end":{"line":105,"column":17}},"79":{"start":{"line":108,"column":8},"end":{"line":108,"column":15}},"80":{"start":{"line":112,"column":4},"end":{"line":112,"column":20}},"81":{"start":{"line":113,"column":4},"end":{"line":113,"column":19}},"82":{"start":{"line":114,"column":4},"end":{"line":118,"column":7}},"83":{"start":{"line":115,"column":6},"end":{"line":117,"column":9}},"84":{"start":{"line":116,"column":8},"end":{"line":116,"column":16}},"85":{"start":{"line":119,"column":4},"end":{"line":122,"column":7}},"86":{"start":{"line":120,"column":6},"end":{"line":120,"column":60}},"87":{"start":{"line":121,"column":6},"end":{"line":121,"column":30}},"88":{"start":{"line":123,"column":4},"end":{"line":126,"column":7}},"89":{"start":{"line":124,"column":6},"end":{"line":124,"column":57}},"90":{"start":{"line":125,"column":6},"end":{"line":125,"column":28}},"91":{"start":{"line":127,"column":4},"end":{"line":131,"column":7}},"92":{"start":{"line":128,"column":6},"end":{"line":130,"column":9}},"93":{"start":{"line":129,"column":8},"end":{"line":129,"column":32}},"94":{"start":{"line":134,"column":2},"end":{"line":134,"column":33}},"95":{"start":{"line":135,"column":2},"end":{"line":135,"column":53}},"96":{"start":{"line":137,"column":2},"end":{"line":137,"column":26}},"97":{"start":{"line":138,"column":2},"end":{"line":141,"column":5}},"98":{"start":{"line":139,"column":4},"end":{"line":139,"column":20}},"99":{"start":{"line":140,"column":4},"end":{"line":140,"column":21}},"100":{"start":{"line":142,"column":2},"end":{"line":142,"column":34}},"101":{"start":{"line":144,"column":2},"end":{"line":144,"column":33}},"102":{"start":{"line":145,"column":2},"end":{"line":150,"column":3}},"103":{"start":{"line":148,"column":4},"end":{"line":148,"column":67}},"104":{"start":{"line":149,"column":4},"end":{"line":149,"column":11}},"105":{"start":{"line":152,"column":2},"end":{"line":152,"column":48}},"106":{"start":{"line":153,"column":2},"end":{"line":156,"column":3}},"107":{"start":{"line":154,"column":4},"end":{"line":154,"column":69}},"108":{"start":{"line":155,"column":4},"end":{"line":155,"column":11}},"109":{"start":{"line":158,"column":2},"end":{"line":158,"column":44}},"110":{"start":{"line":159,"column":2},"end":{"line":162,"column":3}},"111":{"start":{"line":160,"column":4},"end":{"line":160,"column":66}},"112":{"start":{"line":161,"column":4},"end":{"line":161,"column":11}},"113":{"start":{"line":164,"column":2},"end":{"line":164,"column":15}},"114":{"start":{"line":165,"column":2},"end":{"line":165,"column":62}},"115":{"start":{"line":166,"column":2},"end":{"line":170,"column":3}},"116":{"start":{"line":167,"column":4},"end":{"line":167,"column":52}},"117":{"start":{"line":167,"column":43},"end":{"line":167,"column":52}},"118":{"start":{"line":168,"column":4},"end":{"line":168,"column":28}},"119":{"start":{"line":169,"column":4},"end":{"line":169,"column":10}},"120":{"start":{"line":172,"column":2},"end":{"line":175,"column":3}},"121":{"start":{"line":173,"column":4},"end":{"line":173,"column":71}},"122":{"start":{"line":174,"column":4},"end":{"line":174,"column":11}},"123":{"start":{"line":177,"column":2},"end":{"line":177,"column":30}},"124":{"start":{"line":178,"column":2},"end":{"line":178,"column":17}},"125":{"start":{"line":180,"column":2},"end":{"line":184,"column":3}},"126":{"start":{"line":181,"column":4},"end":{"line":181,"column":20}},"127":{"start":{"line":182,"column":4},"end":{"line":182,"column":25}},"128":{"start":{"line":183,"column":4},"end":{"line":183,"column":46}},"129":{"start":{"line":186,"column":2},"end":{"line":188,"column":3}},"130":{"start":{"line":187,"column":4},"end":{"line":187,"column":20}},"131":{"start":{"line":190,"column":2},"end":{"line":206,"column":3}},"132":{"start":{"line":191,"column":4},"end":{"line":191,"column":28}},"133":{"start":{"line":192,"column":4},"end":{"line":199,"column":5}},"134":{"start":{"line":193,"column":6},"end":{"line":193,"column":23}},"135":{"start":{"line":194,"column":6},"end":{"line":194,"column":50}},"136":{"start":{"line":195,"column":6},"end":{"line":195,"column":42}},"137":{"start":{"line":196,"column":6},"end":{"line":198,"column":7}},"138":{"start":{"line":197,"column":8},"end":{"line":197,"column":52}},"139":{"start":{"line":201,"column":4},"end":{"line":201,"column":27}},"140":{"start":{"line":203,"column":4},"end":{"line":205,"column":5}},"141":{"start":{"line":204,"column":6},"end":{"line":204,"column":30}},"142":{"start":{"line":208,"column":2},"end":{"line":211,"column":3}},"143":{"start":{"line":210,"column":4},"end":{"line":210,"column":49}},"144":{"start":{"line":214,"column":0},"end":{"line":429,"column":2}},"145":{"start":{"line":215,"column":2},"end":{"line":215,"column":25}},"146":{"start":{"line":215,"column":18},"end":{"line":215,"column":25}},"147":{"start":{"line":217,"column":2},"end":{"line":217,"column":18}},"148":{"start":{"line":218,"column":2},"end":{"line":218,"column":12}},"149":{"start":{"line":219,"column":2},"end":{"line":219,"column":26}},"150":{"start":{"line":220,"column":2},"end":{"line":220,"column":29}},"151":{"start":{"line":221,"column":2},"end":{"line":221,"column":25}},"152":{"start":{"line":222,"column":2},"end":{"line":222,"column":25}},"153":{"start":{"line":223,"column":2},"end":{"line":223,"column":35}},"154":{"start":{"line":224,"column":2},"end":{"line":224,"column":31}},"155":{"start":{"line":225,"column":2},"end":{"line":225,"column":41}},"156":{"start":{"line":226,"column":2},"end":{"line":226,"column":44}},"157":{"start":{"line":227,"column":2},"end":{"line":227,"column":39}},"158":{"start":{"line":228,"column":2},"end":{"line":228,"column":35}},"159":{"start":{"line":229,"column":2},"end":{"line":229,"column":8}},"160":{"start":{"line":230,"column":2},"end":{"line":230,"column":9}},"161":{"start":{"line":232,"column":2},"end":{"line":403,"column":3}},"162":{"start":{"line":233,"column":4},"end":{"line":233,"column":18}},"163":{"start":{"line":234,"column":4},"end":{"line":402,"column":5}},"164":{"start":{"line":236,"column":8},"end":{"line":236,"column":18}},"165":{"start":{"line":237,"column":8},"end":{"line":237,"column":31}},"166":{"start":{"line":240,"column":8},"end":{"line":254,"column":9}},"167":{"start":{"line":241,"column":10},"end":{"line":241,"column":20}},"168":{"start":{"line":242,"column":10},"end":{"line":242,"column":33}},"169":{"start":{"line":243,"column":10},"end":{"line":243,"column":16}},"170":{"start":{"line":244,"column":15},"end":{"line":254,"column":9}},"171":{"start":{"line":245,"column":10},"end":{"line":245,"column":95}},"172":{"start":{"line":245,"column":24},"end":{"line":245,"column":95}},"173":{"start":{"line":246,"column":10},"end":{"line":246,"column":18}},"174":{"start":{"line":247,"column":10},"end":{"line":247,"column":16}},"175":{"start":{"line":248,"column":15},"end":{"line":254,"column":9}},"176":{"start":{"line":249,"column":10},"end":{"line":249,"column":95}},"177":{"start":{"line":249,"column":24},"end":{"line":249,"column":95}},"178":{"start":{"line":250,"column":10},"end":{"line":250,"column":20}},"179":{"start":{"line":251,"column":10},"end":{"line":251,"column":34}},"180":{"start":{"line":252,"column":10},"end":{"line":252,"column":37}},"181":{"start":{"line":253,"column":10},"end":{"line":253,"column":16}},"182":{"start":{"line":256,"column":8},"end":{"line":256,"column":48}},"183":{"start":{"line":256,"column":37},"end":{"line":256,"column":48}},"184":{"start":{"line":257,"column":8},"end":{"line":257,"column":45}},"185":{"start":{"line":257,"column":37},"end":{"line":257,"column":45}},"186":{"start":{"line":258,"column":8},"end":{"line":258,"column":14}},"187":{"start":{"line":260,"column":8},"end":{"line":260,"column":29}},"188":{"start":{"line":261,"column":8},"end":{"line":261,"column":33}},"189":{"start":{"line":262,"column":8},"end":{"line":262,"column":18}},"190":{"start":{"line":265,"column":8},"end":{"line":269,"column":9}},"191":{"start":{"line":266,"column":10},"end":{"line":266,"column":38}},"192":{"start":{"line":267,"column":10},"end":{"line":267,"column":38}},"193":{"start":{"line":268,"column":10},"end":{"line":268,"column":16}},"194":{"start":{"line":271,"column":8},"end":{"line":271,"column":16}},"195":{"start":{"line":272,"column":8},"end":{"line":272,"column":32}},"196":{"start":{"line":272,"column":26},"end":{"line":272,"column":32}},"197":{"start":{"line":274,"column":8},"end":{"line":284,"column":9}},"198":{"start":{"line":275,"column":10},"end":{"line":279,"column":11}},"199":{"start":{"line":277,"column":12},"end":{"line":277,"column":69}},"200":{"start":{"line":278,"column":12},"end":{"line":278,"column":19}},"201":{"start":{"line":280,"column":10},"end":{"line":280,"column":73}},"202":{"start":{"line":281,"column":10},"end":{"line":281,"column":38}},"203":{"start":{"line":282,"column":10},"end":{"line":282,"column":37}},"204":{"start":{"line":283,"column":10},"end":{"line":283,"column":16}},"205":{"start":{"line":286,"column":8},"end":{"line":286,"column":22}},"206":{"start":{"line":287,"column":8},"end":{"line":290,"column":9}},"207":{"start":{"line":288,"column":10},"end":{"line":288,"column":93}},"208":{"start":{"line":289,"column":10},"end":{"line":289,"column":17}},"209":{"start":{"line":291,"column":8},"end":{"line":291,"column":14}},"210":{"start":{"line":293,"column":8},"end":{"line":293,"column":31}},"211":{"start":{"line":293,"column":25},"end":{"line":293,"column":31}},"212":{"start":{"line":295,"column":8},"end":{"line":295,"column":33}},"213":{"start":{"line":296,"column":8},"end":{"line":296,"column":29}},"214":{"start":{"line":299,"column":8},"end":{"line":304,"column":9}},"215":{"start":{"line":300,"column":10},"end":{"line":300,"column":73}},"216":{"start":{"line":301,"column":10},"end":{"line":301,"column":38}},"217":{"start":{"line":302,"column":10},"end":{"line":302,"column":34}},"218":{"start":{"line":303,"column":10},"end":{"line":303,"column":43}},"219":{"start":{"line":305,"column":8},"end":{"line":305,"column":14}},"220":{"start":{"line":307,"column":8},"end":{"line":307,"column":93}},"221":{"start":{"line":307,"column":22},"end":{"line":307,"column":93}},"222":{"start":{"line":308,"column":8},"end":{"line":308,"column":35}},"223":{"start":{"line":309,"column":8},"end":{"line":309,"column":14}},"224":{"start":{"line":311,"column":8},"end":{"line":311,"column":93}},"225":{"start":{"line":311,"column":22},"end":{"line":311,"column":93}},"226":{"start":{"line":312,"column":8},"end":{"line":312,"column":48}},"227":{"start":{"line":313,"column":8},"end":{"line":313,"column":46}},"228":{"start":{"line":313,"column":17},"end":{"line":313,"column":46}},"229":{"start":{"line":314,"column":8},"end":{"line":314,"column":32}},"230":{"start":{"line":315,"column":8},"end":{"line":315,"column":14}},"231":{"start":{"line":317,"column":8},"end":{"line":317,"column":26}},"232":{"start":{"line":318,"column":8},"end":{"line":318,"column":30}},"233":{"start":{"line":321,"column":8},"end":{"line":321,"column":26}},"234":{"star
[...]
headerFieldMark, i));","          self.headerFieldMark = null;","          state = HEADER_VALUE_START;","          break;","        }","","        cl = lower(c);","        if (cl < A || cl > Z) {","          self.handleError(createError(400, 'Expected alphabetic character, received ' + c));","          return;","        }","        break;","      case HEADER_VALUE_START:","        if (c === SPACE) break;","","        self.headerValueMark = i;","        state = HEADER_VALUE;","        /* falls through */","      case HEADER_VALUE:","        if (c === CR) {","          self.onParseHeaderValue(buffer.slice(self.headerValueMark, i));","          self.headerValueMark = null;","          self.onParseHeaderEnd();","          state = HEADER_VALUE_ALMOST_DONE;","        }","        break;","      case HEADER_VALUE_ALMOST_DONE:","        if (c !== LF) return self.handleError(createError(400, 'Expected LF Received ' + c));","        state = HEADER_FIELD_START;","        break;","      case HEADERS_ALMOST_DONE:","        if (c !== LF) return self.handleError(createError(400, 'Expected LF Received ' + c));","        var err = self.onParseHeadersEnd(i + 1);","        if (err) return self.handleError(err);","        state = PART_DATA_START;","        break;","      case PART_DATA_START:","        state = PART_DATA;","        self.partDataMark = i;","        /* falls through */","      case PART_DATA:","        prevIndex = index;","","        if (index === 0) {","          // boyer-moore derrived algorithm to safely skip non-boundary data","          i += boundaryEnd;","          while (i < bufferLength && !(buffer[i] in boundaryChars)) {","            i += boundaryLength;","          }","          i -= boundaryEnd;","          c = buffer[i];","        }","","        if (index < boundaryLength) {","          if (boundary[index] === c) {","            if (index === 0) {","              self.onParsePartData(buffer.slice(self.partDataMark, i));","              self.partDataMark = null;","            }","            index++;","          } else {","            index = 0;","          }","        } else if (index === boundaryLength) {","          index++;","          if (c === CR) {","            // CR = part boundary","            self.partBoundaryFlag = true;","          } else if (c === HYPHEN) {","            index = 1;","            state = CLOSE_BOUNDARY;","            break;","          } else {","            index = 0;","          }","        } else if (index - 1 === boundaryLength)  {","          if (self.partBoundaryFlag) {","            index = 0;","            if (c === LF) {","              self.partBoundaryFlag = false;","              self.onParsePartEnd();","              self.onParsePartBegin();","              state = HEADER_FIELD_START;","              break;","            }","          } else {","            index = 0;","          }","        }","","        if (index > 0) {","          // when matching a possible boundary, keep a lookbehind reference","          // in case it turns out to be a false lead","          lookbehind[index-1] = c;","        } else if (prevIndex > 0) {","          // if our boundary turned out to be rubbish, the captured lookbehind","          // belongs to partData","          self.onParsePartData(lookbehind.slice(0, prevIndex));","          prevIndex = 0;","          self.partDataMark = i;","","          // reconsider the current character even so it interrupted the sequence","          // it could be the beginning of a new sequence","          i--;","        }","","        break;","      case CLOSE_BOUNDARY:","        if (c !== HYPHEN) return self.handleError(createError(400, 'Expected HYPHEN Received ' + c));","        if (index === 1) {","          self.onParsePartEnd();","          state = END;","        } else if (index > 1) {","          return self.handleError(new Error(\"Parser has invalid state.\"));","        }","        index++;","        break;","      case END:","        break;","      default:","        self.handleError(new Error(\"Parser has invalid state.\"));","        return;","    }","  }","","  if (self.headerFieldMark != null) {","    self.onParseHeaderField(buffer.slice(self.headerFieldMark));","    self.headerFieldMark = 0;","  }","  if (self.headerValueMark != null) {","    self.onParseHeaderValue(buffer.slice(self.headerValueMark));","    self.headerValueMark = 0;","  }","  if (self.partDataMark != null) {","    self.onParsePartData(buffer.slice(self.partDataMark));","    self.partDataMark = 0;","  }","","  self.index = index;","  self.state = state;","","  self.bytesReceived += buffer.length;","  self.emit('progress', self.bytesReceived, self.bytesExpected);","","  if (self.backpressure) {","    self.writeCbs.push(cb);","  } else {","    cb();","  }","};","","Form.prototype.onParsePartBegin = function() {","  clearPartVars(this);","}","","Form.prototype.onParseHeaderField = function(b) {","  this.headerField += this.headerFieldDecoder.write(b);","}","","Form.prototype.onParseHeaderValue = function(b) {","  this.headerValue += this.headerValueDecoder.write(b);","}","","Form.prototype.onParseHeaderEnd = function() {","  this.headerField = this.headerField.toLowerCase();","  this.partHeaders[this.headerField] = this.headerValue;","","  var m;","  if (this.headerField === 'content-disposition') {","    if (m = this.headerValue.match(/\\bname=\"([^\"]+)\"/i)) {","      this.partName = m[1];","    }","    this.partFilename = parseFilename(this.headerValue);","  } else if (this.headerField === 'content-transfer-encoding') {","    this.partTransferEncoding = this.headerValue.toLowerCase();","  }","","  this.headerFieldDecoder = new StringDecoder(this.encoding);","  this.headerField = '';","  this.headerValueDecoder = new StringDecoder(this.encoding);","  this.headerValue = '';","}","","Form.prototype.onParsePartData = function(b) {","  if (this.partTransferEncoding === 'base64') {","    this.backpressure = ! this.destStream.write(b.toString('ascii'), 'base64');","  } else {","    this.backpressure = ! this.destStream.write(b);","  }","}","","Form.prototype.onParsePartEnd = function() {","  if (this.destStream) {","    flushWriteCbs(this);","    var s = this.destStream;","    process.nextTick(function() {","      s.end();","    });","  }","  clearPartVars(this);","}","","Form.prototype.onParseHeadersEnd = function(offset) {","  var self = this;","  switch(self.partTransferEncoding){","    case 'binary':","    case '7bit':","    case '8bit':","    self.partTransferEncoding = 'binary';","    break;","","    case 'base64': break;","    default:","    return createError(400, 'unknown transfer-encoding: ' + self.partTransferEncoding);","  }","","  self.totalFieldCount += 1;","  if (self.totalFieldCount > self.maxFields) {","    return createError(413, 'maxFields ' + self.maxFields + ' exceeded.');","  }","","  self.destStream = new stream.PassThrough();","  self.destStream.on('drain', function() {","    flushWriteCbs(self);","  });","  self.destStream.headers = self.partHeaders;","  self.destStream.name = self.partName;","  self.destStream.filename = self.partFilename;","  self.destStream.byteOffset = self.bytesReceived + offset;","  var partContentLength = self.destStream.headers['content-length'];","  self.destStream.byteCount = partContentLength ? parseInt(partContentLength, 10) :","    self.bytesExpected ? (self.bytesExpected - self.destStream.byteOffset -","      self.boundary.length - LAST_BOUNDARY_SUFFIX_LEN) :","    undefined;","","  if (self.destStream.filename == null && self.autoFields) {","    handleField(self, self.destStream);","  } else if (self.destStream.filename != null && self.autoFiles) {","    handleFile(self, self.destStream);","  } else {","    handlePart(self, self.destStream);","  }","}","","function flushWriteCbs(self) {","  self.writeCbs.forEach(function(cb) {","    process.nextTick(cb);","  });","  self.writeCbs = [];","  self.backpressure = false;","}","","function getBytesExpected(headers) {","  var contentLength = headers['content-length'];","  if (contentLength) {","    return parseInt(contentLength, 10);","  } else if (headers['transfer-encoding'] == null) {","    return 0;","  } else {","    return null;","  }","}","","function beginFlush(self) {","  self.flushing += 1;","}","","function endFlush(self) {","  self.flushing -= 1;","","  if (self.flushing < 0) {","    // if this happens this is a critical bug in multiparty and this stack trace","    // will help us figure it out.","    self.handleError(new Error(\"unexpected endFlush\"));","    return;","  }","","  maybeClose(self);","}","","function maybeClose(self) {","  if (self.flushing > 0 || self.error) return;","","  // go through the emit queue in case any field, file, or part events are","  // waiting to be emitted","  holdEmitQueue(self)(function() {","    // nextTick because the user is listening to part 'end' events and we are","    // using part 'end' events to decide when to emit 'close'. we add our 'end'","    // handler before the user gets a chance to add theirs. So we make sure","    // their 'end' event fires before we emit the 'close' event.","    // this is covered by test/standalone/test-issue-36","    process.nextTick(function() {","      self.emit('close');","    });","  });","}","","function cleanupOpenFiles(self) {","  self.openedFiles.forEach(function(internalFile) {","    // since fd slicer autoClose is true, destroying the only write stream","    // is guaranteed by the API to close the fd","    internalFile.ws.destroy();","","    fs.unlink(internalFile.publicFile.path, function(err) {","      if (err) self.handleError(err);","    });","  });","  self.openedFiles = [];","}","","function holdEmitQueue(self, eventEmitter) {","  var item = {cb: null, ee: eventEmitter, err: null};","  self.emitQueue.push(item);","  return function(cb) {","    item.cb = cb;","    flushEmitQueue(self);","  };","}","","function errorEventQueue(self, eventEmitter, err) {","  var items = self.emitQueue.filter(function (item) {","    return item.ee === eventEmitter;","  });","","  if (items.length === 0) {","    eventEmitter.emit('error', err);","    return;","  }","","  items.forEach(function (item) {","    item.err = err;","  });","}","","function flushEmitQueue(self) {","  while (self.emitQueue.length > 0 && self.emitQueue[0].cb) {","    var item = self.emitQueue.shift();","","    // invoke the callback","    item.cb();","","    if (item.err) {","      // emit the delayed error","      item.ee.emit('error', item.err);","    }","  }","}","","function handlePart(self, partStream) {","  beginFlush(self);","  var emitAndReleaseHold = holdEmitQueue(self, partStream);","  partStream.on('end', function() {","    endFlush(self);","  });","  emitAndReleaseHold(function() {","    self.emit('part', partStream);","  });","}","","function handleFile(self, fileStream) {","  if (self.error) return;","  var publicFile = {","    fieldName: fileStream.name,","    originalFilename: fileStream.filename,","    path: uploadPath(self.uploadDir, fileStream.filename),","    headers: fileStream.headers,","    size: 0,","  };","  var internalFile = {","    publicFile: publicFile,","    ws: null,","  };","  beginFlush(self); // flush to write stream","  var emitAndReleaseHold = holdEmitQueue(self, fileStream);","  fileStream.on('error', function(err) {","    self.handleError(err);","  });","  fs.open(publicFile.path, 'wx', function(err, fd) {","    if (err) return self.handleError(err);","    var slicer = fdSlicer.createFromFd(fd, {autoClose: true});","","    // end option here guarantees that no more than that amount will be written","    // or else an error will be emitted","    internalFile.ws = slicer.createWriteStream({end: self.maxFilesSize - self.totalFileSize});","","    // if an error ocurred while we were waiting for fs.open we handle that","    // cleanup now","    self.openedFiles.push(internalFile);","    if (self.error) return cleanupOpenFiles(self);","","    var prevByteCount = 0;","    internalFile.ws.on('error', function(err) {","      if (err.code === 'ETOOBIG') {","        err = createError(413, err.message);","        err.code = 'ETOOBIG';","      }","      self.handleError(err);","    });","    internalFile.ws.on('progress', function() {","      publicFile.size = internalFile.ws.bytesWritten;","      var delta = publicFile.size - prevByteCount;","      self.totalFileSize += delta;","      prevByteCount = publicFile.size;","    });","    slicer.on('close', function() {","      if (self.error) return;","      emitAndReleaseHold(function() {","        self.emit('file', fileStream.name, publicFile);","      });","      endFlush(self);","    });","    fileStream.pipe(internalFile.ws);","  });","}","","function handleField(self, fieldStream) {","  var value = '';","  var decoder = new StringDecoder(self.encoding);","","  beginFlush(self);","  var emitAndReleaseHold = holdEmitQueue(self, fieldStream);","  fieldStream.on('error', function(err) {","    self.handleError(err);","  });","  fieldStream.on('readable', function() {","    var buffer = fieldStream.read();","    if (!buffer) return;","","    self.totalFieldSize += buffer.length;","    if (self.totalFieldSize > self.maxFieldsSize) {","      self.handleError(createError(413, 'maxFieldsSize ' + self.maxFieldsSize + ' exceeded'));","      return;","    }","    value += decoder.write(buffer);","  });","","  fieldStream.on('end', function() {","    emitAndReleaseHold(function() {","      self.emit('field', fieldStream.name, value);","    });","    endFlush(self);","  });","}","","function clearPartVars(self) {","  self.partHeaders = {};","  self.partName = null;","  self.partFilename = null;","  self.partTransferEncoding = 'binary';","  self.destStream = null;","","  self.headerFieldDecoder = new StringDecoder(self.encoding);","  self.headerField = \"\";","  self.headerValueDecoder = new StringDecoder(self.encoding);","  self.headerValue = \"\";","}","","function setUpParser(self, boundary) {","  self.boundary = new Buffer(boundary.length + 4);","  self.boundary.write('\\r\\n--', 0, boundary.length + 4, 'ascii');","  self.boundary.write(boundary, 4, boundary.length, 'ascii');","  self.lookbehind = new Buffer(self.boundary.length + 8);","  self.state = START;","  self.boundaryChars = {};","  for (var i = 0; i < self.boundary.length; i++) {","    self.boundaryChars[self.boundary[i]] = true;","  }","","  self.index = null;","  self.partBoundaryFlag = false;","","  beginFlush(self);","  self.on('finish', function() {","    if (self.state !== END) {","      self.handleError(createError(400, 'stream ended unexpectedly'));","    }","    endFlush(self);","  });","}","","function uploadPath(baseDir, filename) {","  var ext = path.extname(filename).replace(FILE_EXT_RE, '$1');","  var name = randoString(18) + ext;","  return path.join(baseDir, name);","}","","function randoString(size) {","  return rando(size).toString('base64').replace(/[\\/\\+]/g, function(x) {","    return b64Safe[x];","  });","}","","function rando(size) {","  try {","    return crypto.randomBytes(size);","  } catch (err) {","    return crypto.pseudoRandomBytes(size);","  }","}","","function parseFilename(headerValue) {","  var m = headerValue.match(/\\bfilename=\"(.*?)\"($|; )/i);","  if (!m) {","    m = headerValue.match(/\\bfilename\\*=utf-8\\'\\'(.*?)($|; )/i);","    if (m) {","      m[1] = decodeURI(m[1]);","    }","    else {","      return;","    }","  }","","  var filename = m[1];","  filename = filename.replace(/%22|\\\\\"/g, '\"');","  filename = filename.replace(/&#([\\d]{4});/g, function(m, code) {","    return String.fromCharCode(code);","  });","  return filename.substr(filename.lastIndexOf('\\\\') + 1);","}","","function lower(c) {","  return c | 0x20;","}","","function createError(status, message) {","  var error = new Error(message);","  Error.captureStackTrace(error, createError);","  error.status = status;","  error.statusCode = status;","  return error;","}",""],"l":{"1":1,"2":1,"3":1,"4":1,"5":1,"6":1,"7":1,"8":1,"10":1,"11":1,"12":1,"13":1,"14":1,"15":1,"16":1,"17":1,"18":1,"19":1,"20":1,"21":1,"22":1,"24":1,"25":1,"26":1,"27":1,"28":1,"29":1,"30":1,"32":1,"33":1,"34":1,"35":1,"38":1,"40":1,"42":1,"43":1,"44":0,"45":0,"47":0,"49":0,"51":0,"52":0,"54":0,"55":0,"56":0,"57":0,"58":0,"60":0,"61":0,"63":0,"64":0,"65":0,"66":0,"67":0,"69":0,"70":0,"72":0,"74":0,"75":0,"76":0,"77":0,"78":0,"83":1,"84":0,"85":0,"86":0,"88":0,"90":0,"91":0,"94":0,"95":0,"97":0,"100":0,"101":0,"103":0,"104":0,"105":0,"108":0,"112":0,"113":0,"114":0,"115":0,"116":0,"119":0,"120":0,"121":0,"123":0,"124":0,"125":0,"127":0,"128":0,"129":0,"134":0,"135":0,"137":0,"138":0,"139":0,"140":0,"142":0,"144":0,"145":0,"148":0,"149":0,"152":0,"153":0,"154":0,"155":0,"158":0,"159":0,"160":0,"161":0,"164":0,"165":0,"166":0,"167":0,"168":0,"169":0,"172":0,"173":0,"174":0,"177":0,"178":0,"180":1,"181":0,"182":0,"183":0,"186":1,"187":0,"190":1,"191":0,"192":0,"193":0,"194":0,"195":0,"196":0,"197":0,"201":0,"203":0,"204":0,"208":1,"210":0,"214":1,"215":0,"217":0,"218":0,"219":0,"220":0,"221":0,"222":0,"223":0,"224":0,"225":0,"226":0,"227":0,"228":0,"229":0,"230":0,"232":0,"233":0,"234":0,"236":0,"237":0,"240":0,"241":0,"242":0,"243":0,"244":0,"245":0,"246":0,"247":0,"248":0,"249":0,"250":0,"251":0,"252":0,"253":0,"256":0,"257":0,"258":0,"260":0,"261":0,"262":0,"265":0,"266":0,"267":0,"268":0,"271":0,"272":0,"274":0,"275":0,"277":0,"278":0,"280":0,"281":0,"282":0,"283":0,"286":0,"287":0,"288":0,"289":0,"291":0,"293":0,"295":0,"296":0,"299":0,"300":0,"301":0,"302":0,"303":0,"305":0,"307":0,"308":0,"309":0,"311":0,"312":0,"313":0,"314":0,"315":0,"317":0,"318":0,"321":0,"323":0,"325":0,"326":0,"327":0,"329":0,"330":0,"333":0,"334":0,"335":0,"336":0,"337":0,"339":0,"341":0,"343":0,"344":0,"345":0,"347":0,"348":0,"349":0,"350":0,"351":0,"353":0,"355":0,"356":0,"357":0,"358":0,"359":0,"360":0,"361":0,"362":0,"363":0,"366":0,"370":0,"373":0,"374":0,"377":0,"378":0,"379":0,"383":0,"386":0,"388":0,"389":0,"390":0,"391":0,"392":0,"393":0,"395":0,"396":0,"398":0,"400":0,"401":0,"405":0,"406":0,"407":0,"409":0,"410":0,"411":0,"413":0,"414":0,"415":0,"418":0,"419":0,"421":0,"422":0,"424":0,"425":0,"427":0,"431":1,"432":0,"435":1,"436":0,"439":1,"440":0,"443":1,"444":0,"445":0,"447":0,"448":0,"449":0,"450":0,"452":0,"453":0,"454":0,"457":0,"458":0,"459":0,"460":0,"463":1,"464":0,"465":0,"467":0,"471":1,"472":0,"473":0,"474":0,"475":0,"476":0,"479":0,"482":1,"483":0,"484":0,"488":0,"489":0,"491":0,"493":0,"496":0,"497":0,"498":0,"501":0,"502":0,"503":0,"505":0,"506":0,"507":0,"508":0,"509":0,"510":0,"515":0,"516":0,"517":0,"518":0,"520":0,"524":1,"525":0,"526":0,"528":0,"529":0,"532":1,"533":0,"534":0,"535":0,"536":0,"537":0,"539":0,"543":1,"544":0,"547":1,"548":0,"550":0,"553":0,"554":0,"557":0,"560":1,"561":0,"565":0,"571":0,"572":0,"577":1,"578":0,"581":0,"583":0,"584":0,"587":0,"590":1,"591":0,"592":0,"593":0,"594":0,"595":0,"599":1,"600":0,"601":0,"604":0,"605":0,"606":0,"609":0,"610":0,"614":1,"615":0,"616":0,"619":0,"621":0,"623":0,"628":1,"629":0,"630":0,"631":0,"632":0,"634":0,"635":0,"639":1,"640":0,"641":0,"648":0,"652":0,"653":0,"654":0,"655":0,"657":0,"658":0,"659":0,"663":0,"667":0,"668":0,"670":0,"671":0,"672":0,"673":0,"674":0,"676":0,"678":0,"679":0,"680":0,"681":0,"682":0,"684":0,"685":0,"686":0,"687":0,"689":0,"691":0,"695":1,"696":0,"697":0,"699":0,"700":0,"701":0,"702":0,"704":0,"705":0,"706":0,"708":0,"709":0,"710":0,"711":0,"713":0,"716":0,"717":0,"718":0,"720":0,"724":1,"725":0,"726":0,"727":0,"728":0,"729":0,"731":0,"732":0,"733":0,"734":0,"737":1,"738":0,"739":0,"740":0,"741":0,"742":0,"743":0,"744":0,"745":0,"748":0,"749":0,"751":0,"752":0,"753":0,"754":0,"756":0,"760":1,"761":0,"762":0,"763":0,"766":1,"767":0,"768":0,"772":1,"773":0,"774":0,"776":0,"780":1,"781":0,"782":0,"783":0,"784":0,"785":0,"788":0,"792":0,"793":0,"794":0,"795":0,"797":0,"800":1,"801":0,"804":1,"805":0,"806":0,"807":0,"808":0,"809":0}}}